  [1m[35m (11.7ms)[0m  [1m[35mCREATE TABLE "schema_migrations" ("version" varchar NOT NULL PRIMARY KEY) /*application='MiApi'*/[0m
  [1m[35m (1.5ms)[0m  [1m[35mCREATE TABLE "ar_internal_metadata" ("key" varchar NOT NULL PRIMARY KEY, "value" varchar, "created_at" datetime(6) NOT NULL, "updated_at" datetime(6) NOT NULL) /*application='MiApi'*/[0m
  [1m[36mActiveRecord::InternalMetadata Load (1.9ms)[0m  [1m[34mSELECT * FROM "ar_internal_metadata" WHERE "ar_internal_metadata"."key" = 'environment' ORDER BY "ar_internal_metadata"."key" ASC LIMIT 1 /*application='MiApi'*/[0m
  [1m[36mActiveRecord::InternalMetadata Create (1.8ms)[0m  [1m[32mINSERT INTO "ar_internal_metadata" ("key", "value", "created_at", "updated_at") VALUES ('environment', 'development', '2025-02-17 20:47:17.184543', '2025-02-17 20:47:17.184546') RETURNING "key" /*application='MiApi'*/[0m
  [1m[36mActiveRecord::SchemaMigration Load (4.0ms)[0m  [1m[34mSELECT "schema_migrations"."version" FROM "schema_migrations" ORDER BY "schema_migrations"."version" ASC /*application='MiApi'*/[0m
Migrating to CreateUsers (20250217204655)
  [1m[36mTRANSACTION (0.4ms)[0m  [1m[35mBEGIN immediate TRANSACTION /*application='MiApi'*/[0m
  [1m[35m (2.7ms)[0m  [1m[35mCREATE TABLE "users" ("id" integer PRIMARY KEY AUTOINCREMENT NOT NULL, "nombre" varchar, "created_at" datetime(6) NOT NULL, "updated_at" datetime(6) NOT NULL) /*application='MiApi'*/[0m
  [1m[36mActiveRecord::SchemaMigration Create (0.1ms)[0m  [1m[32mINSERT INTO "schema_migrations" ("version") VALUES ('20250217204655') RETURNING "version" /*application='MiApi'*/[0m
  [1m[36mTRANSACTION (2.5ms)[0m  [1m[35mCOMMIT TRANSACTION /*application='MiApi'*/[0m
  [1m[36mActiveRecord::SchemaMigration Load (0.3ms)[0m  [1m[34mSELECT "schema_migrations"."version" FROM "schema_migrations" ORDER BY "schema_migrations"."version" ASC /*application='MiApi'*/[0m
  [1m[36mUser Load (104.7ms)[0m  [1m[34mSELECT "users".* FROM "users" /* loading for pp */ LIMIT 11 /*application='MiApi'*/[0m
  [1m[36mActiveRecord::InternalMetadata Load (4.1ms)[0m  [1m[34mSELECT * FROM "ar_internal_metadata" WHERE "ar_internal_metadata"."key" = 'environment' ORDER BY "ar_internal_metadata"."key" ASC LIMIT 1 /*application='MiApi'*/[0m
  [1m[36mActiveRecord::SchemaMigration Load (0.9ms)[0m  [1m[34mSELECT "schema_migrations"."version" FROM "schema_migrations" ORDER BY "schema_migrations"."version" ASC /*application='MiApi'*/[0m
Migrating to CreatePeople (20250217213459)
  [1m[36mTRANSACTION (0.6ms)[0m  [1m[35mBEGIN immediate TRANSACTION /*application='MiApi'*/[0m
  [1m[35m (3.2ms)[0m  [1m[35mCREATE TABLE "people" ("id" integer PRIMARY KEY AUTOINCREMENT NOT NULL, "cedula" varchar, "nombre" varchar, "created_at" datetime(6) NOT NULL, "updated_at" datetime(6) NOT NULL) /*application='MiApi'*/[0m
  [1m[36mActiveRecord::SchemaMigration Create (1.4ms)[0m  [1m[32mINSERT INTO "schema_migrations" ("version") VALUES ('20250217213459') RETURNING "version" /*application='MiApi'*/[0m
  [1m[36mTRANSACTION (4.0ms)[0m  [1m[35mCOMMIT TRANSACTION /*application='MiApi'*/[0m
  [1m[36mActiveRecord::SchemaMigration Load (0.9ms)[0m  [1m[34mSELECT "schema_migrations"."version" FROM "schema_migrations" ORDER BY "schema_migrations"."version" ASC /*application='MiApi'*/[0m
  [1m[36mTRANSACTION (1.4ms)[0m  [1m[35mBEGIN immediate TRANSACTION /*application='MiApi'*/[0m
  [1m[36mPerson Create (5.4ms)[0m  [1m[32mINSERT INTO "people" ("cedula", "nombre", "created_at", "updated_at") VALUES ('34567', 'Carlos', '2025-02-17 21:41:21.895541', '2025-02-17 21:41:21.895541') RETURNING "id" /*application='MiApi'*/[0m
  [1m[36mTRANSACTION (5.9ms)[0m  [1m[35mCOMMIT TRANSACTION /*application='MiApi'*/[0m
  [1m[36mActiveRecord::InternalMetadata Load (1.3ms)[0m  [1m[34mSELECT * FROM "ar_internal_metadata" WHERE "ar_internal_metadata"."key" = 'environment' ORDER BY "ar_internal_metadata"."key" ASC LIMIT 1 /*application='MiApi'*/[0m
  [1m[36mActiveRecord::SchemaMigration Load (0.5ms)[0m  [1m[34mSELECT "schema_migrations"."version" FROM "schema_migrations" ORDER BY "schema_migrations"."version" ASC /*application='MiApi'*/[0m
Migrating to CreateCars (20250217214835)
  [1m[36mTRANSACTION (0.6ms)[0m  [1m[35mBEGIN immediate TRANSACTION /*application='MiApi'*/[0m
  [1m[35m (2.0ms)[0m  [1m[35mCREATE TABLE "cars" ("id" integer PRIMARY KEY AUTOINCREMENT NOT NULL, "placa" varchar, "modelo" varchar, "color" varchar, "created_at" datetime(6) NOT NULL, "updated_at" datetime(6) NOT NULL) /*application='MiApi'*/[0m
  [1m[36mActiveRecord::SchemaMigration Create (0.2ms)[0m  [1m[32mINSERT INTO "schema_migrations" ("version") VALUES ('20250217214835') RETURNING "version" /*application='MiApi'*/[0m
  [1m[36mTRANSACTION (4.6ms)[0m  [1m[35mCOMMIT TRANSACTION /*application='MiApi'*/[0m
  [1m[36mActiveRecord::SchemaMigration Load (0.3ms)[0m  [1m[34mSELECT "schema_migrations"."version" FROM "schema_migrations" ORDER BY "schema_migrations"."version" ASC /*application='MiApi'*/[0m
  [1m[36mTRANSACTION (1.4ms)[0m  [1m[35mBEGIN immediate TRANSACTION /*application='MiApi'*/[0m
  [1m[36mCar Create (5.8ms)[0m  [1m[32mINSERT INTO "cars" ("placa", "modelo", "color", "created_at", "updated_at") VALUES ('UVX455', '1990', 'Rojo', '2025-02-17 21:52:06.832084', '2025-02-17 21:52:06.832084') RETURNING "id" /*application='MiApi'*/[0m
  [1m[36mTRANSACTION (8.2ms)[0m  [1m[35mCOMMIT TRANSACTION /*application='MiApi'*/[0m
  [1m[36mTRANSACTION (1.1ms)[0m  [1m[35mBEGIN immediate TRANSACTION /*application='MiApi'*/[0m
  [1m[36mCar Create (2.3ms)[0m  [1m[32mINSERT INTO "cars" ("placa", "modelo", "color", "created_at", "updated_at") VALUES ('UVX456', '1991', 'negro', '2025-02-17 21:52:47.758874', '2025-02-17 21:52:47.758874') RETURNING "id" /*application='MiApi'*/[0m
  [1m[36mTRANSACTION (2.3ms)[0m  [1m[35mCOMMIT TRANSACTION /*application='MiApi'*/[0m
  [1m[36mCar Load (0.8ms)[0m  [1m[34mSELECT "cars".* FROM "cars" /* loading for pp */ LIMIT 11 /*application='MiApi'*/[0m
  [1m[36mCar Load (1.1ms)[0m  [1m[34mSELECT "cars".* FROM "cars" WHERE "cars"."id" = 2 LIMIT 1 /*application='MiApi'*/[0m
  [1m[36mCar Load (1.0ms)[0m  [1m[34mSELECT "cars".* FROM "cars" WHERE "cars"."id" = 1 LIMIT 1 /*application='MiApi'*/[0m
  [1m[36mCar Load (1.2ms)[0m  [1m[34mSELECT "cars".* FROM "cars" /* loading for pp */ LIMIT 11 /*application='MiApi'*/[0m
  [1m[36mCar Load (1.2ms)[0m  [1m[34mSELECT "cars".* FROM "cars" WHERE "cars"."id" = 2 LIMIT 1 /*application='MiApi'*/[0m
  [1m[36mTRANSACTION (10.6ms)[0m  [1m[35mBEGIN immediate TRANSACTION /*application='MiApi'*/[0m
  [1m[36mCar Destroy (12.5ms)[0m  [1m[31mDELETE FROM "cars" WHERE "cars"."id" = 2 /*application='MiApi'*/[0m
  [1m[36mTRANSACTION (1.6ms)[0m  [1m[35mCOMMIT TRANSACTION /*application='MiApi'*/[0m
  [1m[36mCar Load (2.5ms)[0m  [1m[34mSELECT "cars".* FROM "cars" /* loading for pp */ LIMIT 11 /*application='MiApi'*/[0m
  [1m[36mUser Load (153.6ms)[0m  [1m[34mSELECT "users".* FROM "users" /* loading for pp */ LIMIT 11 /*application='MiApi'*/[0m
  [1m[36mActiveRecord::SchemaMigration Load (11.0ms)[0m  [1m[34mSELECT "schema_migrations"."version" FROM "schema_migrations" ORDER BY "schema_migrations"."version" ASC /*application='MiApi'*/[0m
  [1m[36mActiveRecord::SchemaMigration Load (2.4ms)[0m  [1m[34mSELECT "schema_migrations"."version" FROM "schema_migrations" ORDER BY "schema_migrations"."version" ASC /*application='MiApi'*/[0m
  [1m[36mActiveRecord::SchemaMigration Load (2.6ms)[0m  [1m[34mSELECT "schema_migrations"."version" FROM "schema_migrations" ORDER BY "schema_migrations"."version" ASC /*application='MiApi'*/[0m
  [1m[36mActiveRecord::SchemaMigration Load (1.9ms)[0m  [1m[34mSELECT "schema_migrations"."version" FROM "schema_migrations" ORDER BY "schema_migrations"."version" ASC /*application='MiApi'*/[0m
Migrating to CreateCars (20250217214835)
  [1m[36mTRANSACTION (1.3ms)[0m  [1m[35mBEGIN immediate TRANSACTION /*application='MiApi'*/[0m
  [1m[35m (3.1ms)[0m  [1m[35mDROP TABLE "cars" /*application='MiApi'*/[0m
  [1m[36mActiveRecord::SchemaMigration Destroy (0.2ms)[0m  [1m[31mDELETE FROM "schema_migrations" WHERE "schema_migrations"."version" = '20250217214835' /*application='MiApi'*/[0m
  [1m[36mTRANSACTION (25.5ms)[0m  [1m[35mCOMMIT TRANSACTION /*application='MiApi'*/[0m
  [1m[36mActiveRecord::SchemaMigration Load (1.3ms)[0m  [1m[34mSELECT "schema_migrations"."version" FROM "schema_migrations" ORDER BY "schema_migrations"."version" ASC /*application='MiApi'*/[0m
  [1m[36mActiveRecord::InternalMetadata Load (7.8ms)[0m  [1m[34mSELECT * FROM "ar_internal_metadata" WHERE "ar_internal_metadata"."key" = 'environment' ORDER BY "ar_internal_metadata"."key" ASC LIMIT 1 /*application='MiApi'*/[0m
  [1m[36mActiveRecord::SchemaMigration Load (2.5ms)[0m  [1m[34mSELECT "schema_migrations"."version" FROM "schema_migrations" ORDER BY "schema_migrations"."version" ASC /*application='MiApi'*/[0m
Migrating to CreateCars (20250217214835)
  [1m[36mTRANSACTION (1.2ms)[0m  [1m[35mBEGIN immediate TRANSACTION /*application='MiApi'*/[0m
  [1m[35m (3.5ms)[0m  [1m[35mCREATE TABLE "cars" ("id" integer PRIMARY KEY AUTOINCREMENT NOT NULL, "placa" varchar, "modelo" varchar, "created_at" datetime(6) NOT NULL, "updated_at" datetime(6) NOT NULL) /*application='MiApi'*/[0m
  [1m[36mActiveRecord::SchemaMigration Create (0.2ms)[0m  [1m[32mINSERT INTO "schema_migrations" ("version") VALUES ('20250217214835') RETURNING "version" /*application='MiApi'*/[0m
  [1m[36mTRANSACTION (11.5ms)[0m  [1m[35mCOMMIT TRANSACTION /*application='MiApi'*/[0m
  [1m[36mActiveRecord::SchemaMigration Load (1.4ms)[0m  [1m[34mSELECT "schema_migrations"."version" FROM "schema_migrations" ORDER BY "schema_migrations"."version" ASC /*application='MiApi'*/[0m
  [1m[36mActiveRecord::SchemaMigration Load (7.5ms)[0m  [1m[34mSELECT "schema_migrations"."version" FROM "schema_migrations" ORDER BY "schema_migrations"."version" ASC /*application='MiApi'*/[0m
  [1m[36mActiveRecord::SchemaMigration Load (1.9ms)[0m  [1m[34mSELECT "schema_migrations"."version" FROM "schema_migrations" ORDER BY "schema_migrations"."version" ASC /*application='MiApi'*/[0m
  [1m[36mActiveRecord::SchemaMigration Load (2.1ms)[0m  [1m[34mSELECT "schema_migrations"."version" FROM "schema_migrations" ORDER BY "schema_migrations"."version" ASC /*application='MiApi'*/[0m
  [1m[36mActiveRecord::SchemaMigration Load (2.0ms)[0m  [1m[34mSELECT "schema_migrations"."version" FROM "schema_migrations" ORDER BY "schema_migrations"."version" ASC /*application='MiApi'*/[0m
Migrating to CreateCars (20250217214835)
  [1m[36mTRANSACTION (0.8ms)[0m  [1m[35mBEGIN immediate TRANSACTION /*application='MiApi'*/[0m
  [1m[35m (2.2ms)[0m  [1m[35mDROP TABLE "cars" /*application='MiApi'*/[0m
  [1m[36mActiveRecord::SchemaMigration Destroy (0.1ms)[0m  [1m[31mDELETE FROM "schema_migrations" WHERE "schema_migrations"."version" = '20250217214835' /*application='MiApi'*/[0m
  [1m[36mTRANSACTION (20.5ms)[0m  [1m[35mCOMMIT TRANSACTION /*application='MiApi'*/[0m
Migrating to CreatePeople (20250217213459)
  [1m[36mTRANSACTION (7.2ms)[0m  [1m[35mBEGIN immediate TRANSACTION /*application='MiApi'*/[0m
  [1m[35m (9.7ms)[0m  [1m[35mDROP TABLE "people" /*application='MiApi'*/[0m
  [1m[36mActiveRecord::SchemaMigration Destroy (0.1ms)[0m  [1m[31mDELETE FROM "schema_migrations" WHERE "schema_migrations"."version" = '20250217213459' /*application='MiApi'*/[0m
  [1m[36mTRANSACTION (5.8ms)[0m  [1m[35mCOMMIT TRANSACTION /*application='MiApi'*/[0m
  [1m[36mActiveRecord::SchemaMigration Load (1.2ms)[0m  [1m[34mSELECT "schema_migrations"."version" FROM "schema_migrations" ORDER BY "schema_migrations"."version" ASC /*application='MiApi'*/[0m
  [1m[36mActiveRecord::InternalMetadata Load (11.4ms)[0m  [1m[34mSELECT * FROM "ar_internal_metadata" WHERE "ar_internal_metadata"."key" = 'environment' ORDER BY "ar_internal_metadata"."key" ASC LIMIT 1 /*application='MiApi'*/[0m
  [1m[36mActiveRecord::SchemaMigration Load (1.8ms)[0m  [1m[34mSELECT "schema_migrations"."version" FROM "schema_migrations" ORDER BY "schema_migrations"."version" ASC /*application='MiApi'*/[0m
Migrating to CreatePeople (20250217213459)
  [1m[36mTRANSACTION (0.7ms)[0m  [1m[35mBEGIN immediate TRANSACTION /*application='MiApi'*/[0m
  [1m[35m (2.5ms)[0m  [1m[35mCREATE TABLE "people" ("id" integer PRIMARY KEY AUTOINCREMENT NOT NULL, "cedula" varchar, "nombre" varchar, "created_at" datetime(6) NOT NULL, "updated_at" datetime(6) NOT NULL) /*application='MiApi'*/[0m
  [1m[36mActiveRecord::SchemaMigration Create (0.2ms)[0m  [1m[32mINSERT INTO "schema_migrations" ("version") VALUES ('20250217213459') RETURNING "version" /*application='MiApi'*/[0m
  [1m[36mTRANSACTION (19.2ms)[0m  [1m[35mCOMMIT TRANSACTION /*application='MiApi'*/[0m
Migrating to CreateCars (20250217214835)
  [1m[36mTRANSACTION (10.1ms)[0m  [1m[35mBEGIN immediate TRANSACTION /*application='MiApi'*/[0m
  [1m[35m (13.1ms)[0m  [1m[35mCREATE TABLE "cars" ("id" integer PRIMARY KEY AUTOINCREMENT NOT NULL, "placa" varchar, "modelo" varchar, "created_at" datetime(6) NOT NULL, "updated_at" datetime(6) NOT NULL) /*application='MiApi'*/[0m
  [1m[36mActiveRecord::SchemaMigration Create (0.3ms)[0m  [1m[32mINSERT INTO "schema_migrations" ("version") VALUES ('20250217214835') RETURNING "version" /*application='MiApi'*/[0m
  [1m[36mTRANSACTION (4.6ms)[0m  [1m[35mCOMMIT TRANSACTION /*application='MiApi'*/[0m
  [1m[36mActiveRecord::SchemaMigration Load (1.8ms)[0m  [1m[34mSELECT "schema_migrations"."version" FROM "schema_migrations" ORDER BY "schema_migrations"."version" ASC /*application='MiApi'*/[0m
  [1m[36mActiveRecord::SchemaMigration Load (9.5ms)[0m  [1m[34mSELECT "schema_migrations"."version" FROM "schema_migrations" ORDER BY "schema_migrations"."version" ASC /*application='MiApi'*/[0m
  [1m[36mActiveRecord::SchemaMigration Load (2.4ms)[0m  [1m[34mSELECT "schema_migrations"."version" FROM "schema_migrations" ORDER BY "schema_migrations"."version" ASC /*application='MiApi'*/[0m
  [1m[36mActiveRecord::SchemaMigration Load (2.5ms)[0m  [1m[34mSELECT "schema_migrations"."version" FROM "schema_migrations" ORDER BY "schema_migrations"."version" ASC /*application='MiApi'*/[0m
  [1m[36mActiveRecord::SchemaMigration Load (1.0ms)[0m  [1m[34mSELECT "schema_migrations"."version" FROM "schema_migrations" ORDER BY "schema_migrations"."version" ASC /*application='MiApi'*/[0m
Migrating to CreateCars (20250217214835)
  [1m[36mTRANSACTION (1.8ms)[0m  [1m[35mBEGIN immediate TRANSACTION /*application='MiApi'*/[0m
  [1m[35m (4.4ms)[0m  [1m[35mDROP TABLE "cars" /*application='MiApi'*/[0m
  [1m[36mActiveRecord::SchemaMigration Destroy (0.1ms)[0m  [1m[31mDELETE FROM "schema_migrations" WHERE "schema_migrations"."version" = '20250217214835' /*application='MiApi'*/[0m
  [1m[36mTRANSACTION (17.5ms)[0m  [1m[35mCOMMIT TRANSACTION /*application='MiApi'*/[0m
Migrating to CreatePeople (20250217213459)
  [1m[36mTRANSACTION (12.5ms)[0m  [1m[35mBEGIN immediate TRANSACTION /*application='MiApi'*/[0m
  [1m[35m (16.2ms)[0m  [1m[35mDROP TABLE "people" /*application='MiApi'*/[0m
  [1m[36mActiveRecord::SchemaMigration Destroy (0.3ms)[0m  [1m[31mDELETE FROM "schema_migrations" WHERE "schema_migrations"."version" = '20250217213459' /*application='MiApi'*/[0m
  [1m[36mTRANSACTION (9.4ms)[0m  [1m[35mCOMMIT TRANSACTION /*application='MiApi'*/[0m
  [1m[36mActiveRecord::SchemaMigration Load (1.9ms)[0m  [1m[34mSELECT "schema_migrations"."version" FROM "schema_migrations" ORDER BY "schema_migrations"."version" ASC /*application='MiApi'*/[0m
  [1m[36mActiveRecord::InternalMetadata Load (6.0ms)[0m  [1m[34mSELECT * FROM "ar_internal_metadata" WHERE "ar_internal_metadata"."key" = 'environment' ORDER BY "ar_internal_metadata"."key" ASC LIMIT 1 /*application='MiApi'*/[0m
  [1m[36mActiveRecord::SchemaMigration Load (1.7ms)[0m  [1m[34mSELECT "schema_migrations"."version" FROM "schema_migrations" ORDER BY "schema_migrations"."version" ASC /*application='MiApi'*/[0m
Migrating to CreatePeople (20250217213459)
  [1m[36mTRANSACTION (2.1ms)[0m  [1m[35mBEGIN immediate TRANSACTION /*application='MiApi'*/[0m
  [1m[35m (5.9ms)[0m  [1m[35mCREATE TABLE "people" ("id" integer PRIMARY KEY AUTOINCREMENT NOT NULL, "cedula" varchar, "nombre" varchar, "apellido" varchar, "created_at" datetime(6) NOT NULL, "updated_at" datetime(6) NOT NULL) /*application='MiApi'*/[0m
  [1m[36mActiveRecord::SchemaMigration Create (0.3ms)[0m  [1m[32mINSERT INTO "schema_migrations" ("version") VALUES ('20250217213459') RETURNING "version" /*application='MiApi'*/[0m
  [1m[36mTRANSACTION (18.7ms)[0m  [1m[35mCOMMIT TRANSACTION /*application='MiApi'*/[0m
Migrating to CreateCars (20250217214835)
  [1m[36mTRANSACTION (6.9ms)[0m  [1m[35mBEGIN immediate TRANSACTION /*application='MiApi'*/[0m
  [1m[35m (10.3ms)[0m  [1m[35mCREATE TABLE "cars" ("id" integer PRIMARY KEY AUTOINCREMENT NOT NULL, "placa" varchar, "modelo" varchar, "created_at" datetime(6) NOT NULL, "updated_at" datetime(6) NOT NULL) /*application='MiApi'*/[0m
  [1m[36mActiveRecord::SchemaMigration Create (0.3ms)[0m  [1m[32mINSERT INTO "schema_migrations" ("version") VALUES ('20250217214835') RETURNING "version" /*application='MiApi'*/[0m
  [1m[36mTRANSACTION (5.7ms)[0m  [1m[35mCOMMIT TRANSACTION /*application='MiApi'*/[0m
  [1m[36mActiveRecord::SchemaMigration Load (1.3ms)[0m  [1m[34mSELECT "schema_migrations"."version" FROM "schema_migrations" ORDER BY "schema_migrations"."version" ASC /*application='MiApi'*/[0m
  [1m[36mActiveRecord::InternalMetadata Load (8.3ms)[0m  [1m[34mSELECT * FROM "ar_internal_metadata" WHERE "ar_internal_metadata"."key" = 'environment' ORDER BY "ar_internal_metadata"."key" ASC LIMIT 1 /*application='MiApi'*/[0m
  [1m[36mActiveRecord::SchemaMigration Load (1.3ms)[0m  [1m[34mSELECT "schema_migrations"."version" FROM "schema_migrations" ORDER BY "schema_migrations"."version" ASC /*application='MiApi'*/[0m
  [1m[36mActiveRecord::SchemaMigration Load (1.4ms)[0m  [1m[34mSELECT "schema_migrations"."version" FROM "schema_migrations" ORDER BY "schema_migrations"."version" ASC /*application='MiApi'*/[0m
  [1m[36mTRANSACTION (9.3ms)[0m  [1m[35mBEGIN immediate TRANSACTION /*application='MiApi'*/[0m
  [1m[36mCar Create (19.0ms)[0m  [1m[32mINSERT INTO "cars" ("placa", "modelo", "created_at", "updated_at") VALUES ('UVX455', NULL, '2025-02-24 20:51:09.906416', '2025-02-24 20:51:09.906416') RETURNING "id" /*application='MiApi'*/[0m
  [1m[36mTRANSACTION (13.0ms)[0m  [1m[35mCOMMIT TRANSACTION /*application='MiApi'*/[0m
  [1m[36mTRANSACTION (4.0ms)[0m  [1m[35mBEGIN immediate TRANSACTION /*application='MiApi'*/[0m
  [1m[36mCar Update (5.3ms)[0m  [1m[33mUPDATE "cars" SET "placa" = 'UVX456', "updated_at" = '2025-02-24 20:51:16.439133' WHERE "cars"."id" = 1 /*application='MiApi'*/[0m
  [1m[36mTRANSACTION (0.7ms)[0m  [1m[35mCOMMIT TRANSACTION /*application='MiApi'*/[0m
  [1m[36mTRANSACTION (2.7ms)[0m  [1m[35mBEGIN immediate TRANSACTION /*application='MiApi'*/[0m
  [1m[36mCar Update (4.0ms)[0m  [1m[33mUPDATE "cars" SET "placa" = 'UVX457', "updated_at" = '2025-02-24 20:51:21.652435' WHERE "cars"."id" = 1 /*application='MiApi'*/[0m
  [1m[36mTRANSACTION (0.8ms)[0m  [1m[35mCOMMIT TRANSACTION /*application='MiApi'*/[0m
Started GET "/cars" for 172.17.0.1 at 2025-02-24 20:52:53 +0000
  [1m[36mActiveRecord::SchemaMigration Load (12.2ms)[0m  [1m[34mSELECT "schema_migrations"."version" FROM "schema_migrations" ORDER BY "schema_migrations"."version" ASC /*application='MiApi'*/[0m
Processing by CarsController#index as HTML
  [1m[36mCar Load (135.1ms)[0m  [1m[34mSELECT "cars".* FROM "cars" /*action='index',application='MiApi',controller='cars'*/[0m
  ↳ app/controllers/cars_controller.rb:4:in `index'
Completed 200 OK in 1067ms (Views: 31.5ms | ActiveRecord: 149.5ms (1 query, 0 cached) | GC: 0.0ms)


Started GET "/favicon.ico" for 172.17.0.1 at 2025-02-24 20:52:57 +0000
  
ActionController::RoutingError (No route matches [GET] "/favicon.ico"):
  
Started GET "/cars/1" for 172.17.0.1 at 2025-02-24 21:01:24 +0000
  [1m[36mActiveRecord::SchemaMigration Load (13.9ms)[0m  [1m[34mSELECT "schema_migrations"."version" FROM "schema_migrations" ORDER BY "schema_migrations"."version" ASC /*application='MiApi'*/[0m
Processing by CarsController#show as HTML
  Parameters: {"id"=>"1"}
Completed 500 Internal Server Error in 395ms (ActiveRecord: 0.0ms (0 queries, 0 cached) | GC: 0.0ms)


  
NameError (undefined local variable or method `paramas' for #<CarsController:0x0000000000a3e8>):
  
app/controllers/cars_controller.rb:8:in `show'
Started GET "/cars/1" for 172.17.0.1 at 2025-02-24 21:01:49 +0000
Processing by CarsController#show as HTML
  Parameters: {"id"=>"1"}
  [1m[36mCar Load (9.6ms)[0m  [1m[34mSELECT "cars".* FROM "cars" WHERE "cars"."id" = 1 LIMIT 1 /*action='show',application='MiApi',controller='cars'*/[0m
  ↳ app/controllers/cars_controller.rb:8:in `show'
Completed 200 OK in 545ms (Views: 0.6ms | ActiveRecord: 125.2ms (1 query, 0 cached) | GC: 0.8ms)


  [1m[36mActiveRecord::SchemaMigration Load (12.8ms)[0m  [1m[34mSELECT "schema_migrations"."version" FROM "schema_migrations" ORDER BY "schema_migrations"."version" ASC /*application='MiApi'*/[0m
  [1m[36mActiveRecord::SchemaMigration Load (7.9ms)[0m  [1m[34mSELECT "schema_migrations"."version" FROM "schema_migrations" ORDER BY "schema_migrations"."version" ASC /*application='MiApi'*/[0m
  [1m[36mActiveRecord::InternalMetadata Load (2.3ms)[0m  [1m[34mSELECT * FROM "ar_internal_metadata" WHERE "ar_internal_metadata"."key" = 'environment' ORDER BY "ar_internal_metadata"."key" ASC LIMIT 1 /*application='MiApi'*/[0m
  [1m[36mActiveRecord::SchemaMigration Load (1.8ms)[0m  [1m[34mSELECT "schema_migrations"."version" FROM "schema_migrations" ORDER BY "schema_migrations"."version" ASC /*application='MiApi'*/[0m
  [1m[36mActiveRecord::InternalMetadata Load (2.5ms)[0m  [1m[34mSELECT * FROM "ar_internal_metadata" WHERE "ar_internal_metadata"."key" = 'environment' ORDER BY "ar_internal_metadata"."key" ASC LIMIT 1 /*application='MiApi'*/[0m
  [1m[36mActiveRecord::SchemaMigration Load (2.1ms)[0m  [1m[34mSELECT "schema_migrations"."version" FROM "schema_migrations" ORDER BY "schema_migrations"."version" ASC /*application='MiApi'*/[0m
  [1m[36mActiveRecord::InternalMetadata Load (2.7ms)[0m  [1m[34mSELECT * FROM "ar_internal_metadata" WHERE "ar_internal_metadata"."key" = 'environment' ORDER BY "ar_internal_metadata"."key" ASC LIMIT 1 /*application='MiApi'*/[0m
  [1m[35m (353.3ms)[0m  [1m[35mDROP TABLE IF EXISTS "cars" /*application='MiApi'*/[0m
  [1m[35m (83.0ms)[0m  [1m[35mCREATE TABLE "cars" ("id" integer PRIMARY KEY AUTOINCREMENT NOT NULL, "placa" varchar, "modelo" varchar, "created_at" datetime(6) NOT NULL, "updated_at" datetime(6) NOT NULL) /*application='MiApi'*/[0m
  [1m[35m (10.9ms)[0m  [1m[35mDROP TABLE IF EXISTS "people" /*application='MiApi'*/[0m
  [1m[35m (7.6ms)[0m  [1m[35mCREATE TABLE "people" ("id" integer PRIMARY KEY AUTOINCREMENT NOT NULL, "cedula" varchar, "nombre" varchar, "apellido" varchar, "created_at" datetime(6) NOT NULL, "updated_at" datetime(6) NOT NULL) /*application='MiApi'*/[0m
  [1m[35m (6.3ms)[0m  [1m[35mDROP TABLE IF EXISTS "users" /*application='MiApi'*/[0m
  [1m[35m (6.9ms)[0m  [1m[35mCREATE TABLE "users" ("id" integer PRIMARY KEY AUTOINCREMENT NOT NULL, "nombre" varchar, "created_at" datetime(6) NOT NULL, "updated_at" datetime(6) NOT NULL) /*application='MiApi'*/[0m
  [1m[35m (8.7ms)[0m  [1m[35mCREATE TABLE "schema_migrations" ("version" varchar NOT NULL PRIMARY KEY) /*application='MiApi'*/[0m
  [1m[36mActiveRecord::SchemaMigration Load (1.7ms)[0m  [1m[34mSELECT "schema_migrations"."version" FROM "schema_migrations" ORDER BY "schema_migrations"."version" ASC /*application='MiApi'*/[0m
  [1m[35m (21.0ms)[0m  [1m[32mINSERT INTO "schema_migrations" (version) VALUES (20250217214835) /*application='MiApi'*/[0m
  [1m[35m (11.2ms)[0m  [1m[32mINSERT INTO "schema_migrations" (version) VALUES
(20250217213459),
(20250217204655); /*application='MiApi'*/[0m
  [1m[35m (62.7ms)[0m  [1m[35mCREATE TABLE "ar_internal_metadata" ("key" varchar NOT NULL PRIMARY KEY, "value" varchar, "created_at" datetime(6) NOT NULL, "updated_at" datetime(6) NOT NULL) /*application='MiApi'*/[0m
  [1m[36mActiveRecord::InternalMetadata Load (20.8ms)[0m  [1m[34mSELECT * FROM "ar_internal_metadata" WHERE "ar_internal_metadata"."key" = 'environment' ORDER BY "ar_internal_metadata"."key" ASC LIMIT 1 /*application='MiApi'*/[0m
  [1m[36mActiveRecord::InternalMetadata Create (11.9ms)[0m  [1m[32mINSERT INTO "ar_internal_metadata" ("key", "value", "created_at", "updated_at") VALUES ('environment', 'development', '2025-02-24 21:59:07.344682', '2025-02-24 21:59:07.344687') RETURNING "key" /*application='MiApi'*/[0m
  [1m[36mActiveRecord::InternalMetadata Load (1.4ms)[0m  [1m[34mSELECT * FROM "ar_internal_metadata" WHERE "ar_internal_metadata"."key" = 'environment' ORDER BY "ar_internal_metadata"."key" ASC LIMIT 1 /*application='MiApi'*/[0m
  [1m[36mActiveRecord::InternalMetadata Load (1.1ms)[0m  [1m[34mSELECT * FROM "ar_internal_metadata" WHERE "ar_internal_metadata"."key" = 'schema_sha1' ORDER BY "ar_internal_metadata"."key" ASC LIMIT 1 /*application='MiApi'*/[0m
  [1m[36mActiveRecord::InternalMetadata Create (4.1ms)[0m  [1m[32mINSERT INTO "ar_internal_metadata" ("key", "value", "created_at", "updated_at") VALUES ('schema_sha1', '0de27282a9fc4d2e660fee07cb7d18a16888b983', '2025-02-24 21:59:07.382087', '2025-02-24 21:59:07.382090') RETURNING "key" /*application='MiApi'*/[0m
  [1m[35m (111.4ms)[0m  [1m[35mDROP TABLE IF EXISTS "cars" /*application='MiApi'*/[0m
  [1m[35m (20.4ms)[0m  [1m[35mCREATE TABLE "cars" ("id" integer PRIMARY KEY AUTOINCREMENT NOT NULL, "placa" varchar, "modelo" varchar, "created_at" datetime(6) NOT NULL, "updated_at" datetime(6) NOT NULL) /*application='MiApi'*/[0m
  [1m[35m (11.3ms)[0m  [1m[35mDROP TABLE IF EXISTS "people" /*application='MiApi'*/[0m
  [1m[35m (6.9ms)[0m  [1m[35mCREATE TABLE "people" ("id" integer PRIMARY KEY AUTOINCREMENT NOT NULL, "cedula" varchar, "nombre" varchar, "apellido" varchar, "created_at" datetime(6) NOT NULL, "updated_at" datetime(6) NOT NULL) /*application='MiApi'*/[0m
  [1m[35m (5.3ms)[0m  [1m[35mDROP TABLE IF EXISTS "users" /*application='MiApi'*/[0m
  [1m[35m (6.1ms)[0m  [1m[35mCREATE TABLE "users" ("id" integer PRIMARY KEY AUTOINCREMENT NOT NULL, "nombre" varchar, "created_at" datetime(6) NOT NULL, "updated_at" datetime(6) NOT NULL) /*application='MiApi'*/[0m
  [1m[35m (7.5ms)[0m  [1m[35mCREATE TABLE "schema_migrations" ("version" varchar NOT NULL PRIMARY KEY) /*application='MiApi'*/[0m
  [1m[36mActiveRecord::SchemaMigration Load (1.6ms)[0m  [1m[34mSELECT "schema_migrations"."version" FROM "schema_migrations" ORDER BY "schema_migrations"."version" ASC /*application='MiApi'*/[0m
  [1m[35m (16.6ms)[0m  [1m[32mINSERT INTO "schema_migrations" (version) VALUES (20250217214835) /*application='MiApi'*/[0m
  [1m[35m (26.7ms)[0m  [1m[32mINSERT INTO "schema_migrations" (version) VALUES
(20250217213459),
(20250217204655); /*application='MiApi'*/[0m
  [1m[35m (10.1ms)[0m  [1m[35mCREATE TABLE "ar_internal_metadata" ("key" varchar NOT NULL PRIMARY KEY, "value" varchar, "created_at" datetime(6) NOT NULL, "updated_at" datetime(6) NOT NULL) /*application='MiApi'*/[0m
  [1m[36mActiveRecord::InternalMetadata Load (8.4ms)[0m  [1m[34mSELECT * FROM "ar_internal_metadata" WHERE "ar_internal_metadata"."key" = 'environment' ORDER BY "ar_internal_metadata"."key" ASC LIMIT 1 /*application='MiApi'*/[0m
  [1m[36mActiveRecord::InternalMetadata Create (9.1ms)[0m  [1m[32mINSERT INTO "ar_internal_metadata" ("key", "value", "created_at", "updated_at") VALUES ('environment', 'development', '2025-02-24 21:59:07.819467', '2025-02-24 21:59:07.819473') RETURNING "key" /*application='MiApi'*/[0m
  [1m[36mActiveRecord::InternalMetadata Load (1.7ms)[0m  [1m[34mSELECT * FROM "ar_internal_metadata" WHERE "ar_internal_metadata"."key" = 'environment' ORDER BY "ar_internal_metadata"."key" ASC LIMIT 1 /*application='MiApi'*/[0m
  [1m[36mActiveRecord::InternalMetadata Update (3.8ms)[0m  [1m[33mUPDATE "ar_internal_metadata" SET "value" = 'test', "updated_at" = '2025-02-24 21:59:07.855975' WHERE "ar_internal_metadata"."key" = 'environment' /*application='MiApi'*/[0m
  [1m[36mActiveRecord::InternalMetadata Load (4.3ms)[0m  [1m[34mSELECT * FROM "ar_internal_metadata" WHERE "ar_internal_metadata"."key" = 'schema_sha1' ORDER BY "ar_internal_metadata"."key" ASC LIMIT 1 /*application='MiApi'*/[0m
  [1m[36mActiveRecord::InternalMetadata Create (5.6ms)[0m  [1m[32mINSERT INTO "ar_internal_metadata" ("key", "value", "created_at", "updated_at") VALUES ('schema_sha1', '0de27282a9fc4d2e660fee07cb7d18a16888b983', '2025-02-24 21:59:07.870218', '2025-02-24 21:59:07.870222') RETURNING "key" /*application='MiApi'*/[0m
  [1m[36mActiveRecord::SchemaMigration Load (9.8ms)[0m  [1m[34mSELECT "schema_migrations"."version" FROM "schema_migrations" ORDER BY "schema_migrations"."version" ASC /*application='MiApi'*/[0m
  [1m[36mActiveRecord::InternalMetadata Load (9.6ms)[0m  [1m[34mSELECT * FROM "ar_internal_metadata" WHERE "ar_internal_metadata"."key" = 'environment' ORDER BY "ar_internal_metadata"."key" ASC LIMIT 1 /*application='MiApi'*/[0m
  [1m[36mActiveRecord::SchemaMigration Load (1.9ms)[0m  [1m[34mSELECT "schema_migrations"."version" FROM "schema_migrations" ORDER BY "schema_migrations"."version" ASC /*application='MiApi'*/[0m
Migrating to CreatePokemons (20250224213824)
  [1m[36mTRANSACTION (1.3ms)[0m  [1m[35mBEGIN immediate TRANSACTION /*application='MiApi'*/[0m
  [1m[35m (4.7ms)[0m  [1m[35mCREATE TABLE "pokemons" ("id" integer PRIMARY KEY AUTOINCREMENT NOT NULL, "nombre" varchar, "tipo" varchar, "habilidad" varchar, "color" varchar, "created_at" datetime(6) NOT NULL, "updated_at" datetime(6) NOT NULL) /*application='MiApi'*/[0m
  [1m[36mActiveRecord::SchemaMigration Create (0.4ms)[0m  [1m[32mINSERT INTO "schema_migrations" ("version") VALUES ('20250224213824') RETURNING "version" /*application='MiApi'*/[0m
  [1m[36mTRANSACTION (11.5ms)[0m  [1m[35mCOMMIT TRANSACTION /*application='MiApi'*/[0m
  [1m[36mActiveRecord::SchemaMigration Load (0.7ms)[0m  [1m[34mSELECT "schema_migrations"."version" FROM "schema_migrations" ORDER BY "schema_migrations"."version" ASC /*application='MiApi'*/[0m
  [1m[36mActiveRecord::InternalMetadata Load (78.1ms)[0m  [1m[34mSELECT * FROM "ar_internal_metadata" WHERE "ar_internal_metadata"."key" = 'environment' ORDER BY "ar_internal_metadata"."key" ASC LIMIT 1 /*application='MiApi'*/[0m
  [1m[36mActiveRecord::SchemaMigration Load (2.1ms)[0m  [1m[34mSELECT "schema_migrations"."version" FROM "schema_migrations" ORDER BY "schema_migrations"."version" ASC /*application='MiApi'*/[0m
  [1m[36mActiveRecord::SchemaMigration Load (1.6ms)[0m  [1m[34mSELECT "schema_migrations"."version" FROM "schema_migrations" ORDER BY "schema_migrations"."version" ASC /*application='MiApi'*/[0m
  [1m[36mActiveRecord::InternalMetadata Load (18.7ms)[0m  [1m[34mSELECT * FROM "ar_internal_metadata" WHERE "ar_internal_metadata"."key" = 'environment' ORDER BY "ar_internal_metadata"."key" ASC LIMIT 1 /*application='MiApi'*/[0m
  [1m[36mActiveRecord::SchemaMigration Load (11.3ms)[0m  [1m[34mSELECT "schema_migrations"."version" FROM "schema_migrations" ORDER BY "schema_migrations"."version" ASC /*application='MiApi'*/[0m
  [1m[36mActiveRecord::SchemaMigration Load (3.1ms)[0m  [1m[34mSELECT "schema_migrations"."version" FROM "schema_migrations" ORDER BY "schema_migrations"."version" ASC /*application='MiApi'*/[0m
  [1m[36mActiveRecord::SchemaMigration Load (11.3ms)[0m  [1m[34mSELECT "schema_migrations"."version" FROM "schema_migrations" ORDER BY "schema_migrations"."version" ASC /*application='MiApi'*/[0m
  [1m[36mActiveRecord::SchemaMigration Load (3.0ms)[0m  [1m[34mSELECT "schema_migrations"."version" FROM "schema_migrations" ORDER BY "schema_migrations"."version" ASC /*application='MiApi'*/[0m
  [1m[36mActiveRecord::SchemaMigration Load (2.2ms)[0m  [1m[34mSELECT "schema_migrations"."version" FROM "schema_migrations" ORDER BY "schema_migrations"."version" ASC /*application='MiApi'*/[0m
  [1m[36mActiveRecord::SchemaMigration Load (2.6ms)[0m  [1m[34mSELECT "schema_migrations"."version" FROM "schema_migrations" ORDER BY "schema_migrations"."version" ASC /*application='MiApi'*/[0m
Migrating to CreatePokemons (20250224213824)
  [1m[36mTRANSACTION (1.1ms)[0m  [1m[35mBEGIN immediate TRANSACTION /*application='MiApi'*/[0m
  [1m[35m (6.7ms)[0m  [1m[35mDROP TABLE "pokemons" /*application='MiApi'*/[0m
  [1m[36mActiveRecord::SchemaMigration Destroy (0.1ms)[0m  [1m[31mDELETE FROM "schema_migrations" WHERE "schema_migrations"."version" = '20250224213824' /*application='MiApi'*/[0m
  [1m[36mTRANSACTION (13.7ms)[0m  [1m[35mCOMMIT TRANSACTION /*application='MiApi'*/[0m
  [1m[36mActiveRecord::SchemaMigration Load (1.2ms)[0m  [1m[34mSELECT "schema_migrations"."version" FROM "schema_migrations" ORDER BY "schema_migrations"."version" ASC /*application='MiApi'*/[0m
  [1m[36mActiveRecord::InternalMetadata Load (8.6ms)[0m  [1m[34mSELECT * FROM "ar_internal_metadata" WHERE "ar_internal_metadata"."key" = 'environment' ORDER BY "ar_internal_metadata"."key" ASC LIMIT 1 /*application='MiApi'*/[0m
  [1m[36mActiveRecord::SchemaMigration Load (2.4ms)[0m  [1m[34mSELECT "schema_migrations"."version" FROM "schema_migrations" ORDER BY "schema_migrations"."version" ASC /*application='MiApi'*/[0m
Migrating to CreatePokemons (20250224213824)
  [1m[36mTRANSACTION (0.9ms)[0m  [1m[35mBEGIN immediate TRANSACTION /*application='MiApi'*/[0m
  [1m[35m (2.8ms)[0m  [1m[35mCREATE TABLE "pokemons" ("id" integer PRIMARY KEY AUTOINCREMENT NOT NULL, "nombre" varchar, "tipo" varchar, "habilidad" varchar, "color" varchar, "created_at" datetime(6) NOT NULL, "updated_at" datetime(6) NOT NULL) /*application='MiApi'*/[0m
  [1m[36mActiveRecord::SchemaMigration Create (0.2ms)[0m  [1m[32mINSERT INTO "schema_migrations" ("version") VALUES ('20250224213824') RETURNING "version" /*application='MiApi'*/[0m
  [1m[36mTRANSACTION (8.7ms)[0m  [1m[35mCOMMIT TRANSACTION /*application='MiApi'*/[0m
  [1m[36mActiveRecord::SchemaMigration Load (1.3ms)[0m  [1m[34mSELECT "schema_migrations"."version" FROM "schema_migrations" ORDER BY "schema_migrations"."version" ASC /*application='MiApi'*/[0m
  [1m[36mActiveRecord::SchemaMigration Load (6.8ms)[0m  [1m[34mSELECT "schema_migrations"."version" FROM "schema_migrations" ORDER BY "schema_migrations"."version" ASC /*application='MiApi'*/[0m
  [1m[36mActiveRecord::SchemaMigration Load (2.3ms)[0m  [1m[34mSELECT "schema_migrations"."version" FROM "schema_migrations" ORDER BY "schema_migrations"."version" ASC /*application='MiApi'*/[0m
  [1m[36mActiveRecord::SchemaMigration Load (1.9ms)[0m  [1m[34mSELECT "schema_migrations"."version" FROM "schema_migrations" ORDER BY "schema_migrations"."version" ASC /*application='MiApi'*/[0m
  [1m[36mActiveRecord::SchemaMigration Load (2.1ms)[0m  [1m[34mSELECT "schema_migrations"."version" FROM "schema_migrations" ORDER BY "schema_migrations"."version" ASC /*application='MiApi'*/[0m
Migrating to CreatePokemons (20250224213824)
  [1m[36mTRANSACTION (2.4ms)[0m  [1m[35mBEGIN immediate TRANSACTION /*application='MiApi'*/[0m
  [1m[35m (4.7ms)[0m  [1m[35mDROP TABLE "pokemons" /*application='MiApi'*/[0m
  [1m[36mActiveRecord::SchemaMigration Destroy (0.1ms)[0m  [1m[31mDELETE FROM "schema_migrations" WHERE "schema_migrations"."version" = '20250224213824' /*application='MiApi'*/[0m
  [1m[36mTRANSACTION (29.5ms)[0m  [1m[35mCOMMIT TRANSACTION /*application='MiApi'*/[0m
  [1m[36mActiveRecord::SchemaMigration Load (1.4ms)[0m  [1m[34mSELECT "schema_migrations"."version" FROM "schema_migrations" ORDER BY "schema_migrations"."version" ASC /*application='MiApi'*/[0m
  [1m[36mActiveRecord::InternalMetadata Load (10.1ms)[0m  [1m[34mSELECT * FROM "ar_internal_metadata" WHERE "ar_internal_metadata"."key" = 'environment' ORDER BY "ar_internal_metadata"."key" ASC LIMIT 1 /*application='MiApi'*/[0m
  [1m[36mActiveRecord::SchemaMigration Load (2.0ms)[0m  [1m[34mSELECT "schema_migrations"."version" FROM "schema_migrations" ORDER BY "schema_migrations"."version" ASC /*application='MiApi'*/[0m
Migrating to CreatePokemons (20250224213824)
  [1m[36mTRANSACTION (2.3ms)[0m  [1m[35mBEGIN immediate TRANSACTION /*application='MiApi'*/[0m
  [1m[35m (6.2ms)[0m  [1m[35mCREATE TABLE "pokemons" ("id" integer PRIMARY KEY AUTOINCREMENT NOT NULL, "nombre" varchar, "tipo" varchar, "habilidad" varchar, "color" varchar, "created_at" datetime(6) NOT NULL, "updated_at" datetime(6) NOT NULL) /*application='MiApi'*/[0m
  [1m[36mActiveRecord::SchemaMigration Create (0.4ms)[0m  [1m[32mINSERT INTO "schema_migrations" ("version") VALUES ('20250224213824') RETURNING "version" /*application='MiApi'*/[0m
  [1m[36mTRANSACTION (13.4ms)[0m  [1m[35mCOMMIT TRANSACTION /*application='MiApi'*/[0m
  [1m[36mActiveRecord::SchemaMigration Load (1.2ms)[0m  [1m[34mSELECT "schema_migrations"."version" FROM "schema_migrations" ORDER BY "schema_migrations"."version" ASC /*application='MiApi'*/[0m
  [1m[36mTRANSACTION (1.7ms)[0m  [1m[35mBEGIN immediate TRANSACTION /*application='MiApi'*/[0m
  [1m[36mPokemon Create (24.8ms)[0m  [1m[32mINSERT INTO "pokemons" ("nombre", "tipo", "habilidad", "color", "created_at", "updated_at") VALUES ('Pikachu', 'Electrico', 'Electricidad estatica', 'Amarillo', '2025-02-24 22:21:21.847685', '2025-02-24 22:21:21.847685') RETURNING "id" /*application='MiApi'*/[0m
  [1m[36mTRANSACTION (16.9ms)[0m  [1m[35mCOMMIT TRANSACTION /*application='MiApi'*/[0m
  [1m[36mPokemon Load (14.0ms)[0m  [1m[34mSELECT "pokemons".* FROM "pokemons" /* loading for pp */ LIMIT 11 /*application='MiApi'*/[0m
  [1m[36mTRANSACTION (1.6ms)[0m  [1m[35mBEGIN immediate TRANSACTION /*application='MiApi'*/[0m
  [1m[36mPokemon Update (90.3ms)[0m  [1m[33mUPDATE "pokemons" SET "nombre" = 'Togepi', "tipo" = 'Hada', "habilidad" = 'Entusiamo, Dicha', "color" = 'Blanco', "updated_at" = '2025-02-24 22:27:43.402677' WHERE "pokemons"."id" = 1 /*application='MiApi'*/[0m
  [1m[36mTRANSACTION (8.8ms)[0m  [1m[35mCOMMIT TRANSACTION /*application='MiApi'*/[0m
  [1m[36mPokemon Load (5.6ms)[0m  [1m[34mSELECT "pokemons".* FROM "pokemons" /* loading for pp */ LIMIT 11 /*application='MiApi'*/[0m
  [1m[36mPokemon Load (189.9ms)[0m  [1m[34mSELECT "pokemons".* FROM "pokemons" /* loading for pp */ LIMIT 11 /*application='MiApi'*/[0m
  [1m[36mTRANSACTION (0.7ms)[0m  [1m[35mBEGIN immediate TRANSACTION /*application='MiApi'*/[0m
  [1m[36mPokemon Create (110.1ms)[0m  [1m[32mINSERT INTO "pokemons" ("nombre", "tipo", "habilidad", "color", "created_at", "updated_at") VALUES ('Snorlax', 'Normal', 'Sebo, Inmunidad', 'Negro', '2025-02-26 19:55:29.986332', '2025-02-26 19:55:29.986332') RETURNING "id" /*application='MiApi'*/[0m
  [1m[36mTRANSACTION (31.8ms)[0m  [1m[35mCOMMIT TRANSACTION /*application='MiApi'*/[0m
  [1m[36mPokemon Load (2.6ms)[0m  [1m[34mSELECT "pokemons".* FROM "pokemons" /* loading for pp */ LIMIT 11 /*application='MiApi'*/[0m
  [1m[36mPokemon Load (0.8ms)[0m  [1m[34mSELECT "pokemons".* FROM "pokemons" /* loading for pp */ LIMIT 11 /*application='MiApi'*/[0m
  [1m[36mActiveRecord::InternalMetadata Load (35.8ms)[0m  [1m[34mSELECT * FROM "ar_internal_metadata" WHERE "ar_internal_metadata"."key" = 'environment' ORDER BY "ar_internal_metadata"."key" ASC LIMIT 1 /*application='MiApi'*/[0m
  [1m[36mActiveRecord::SchemaMigration Load (2.0ms)[0m  [1m[34mSELECT "schema_migrations"."version" FROM "schema_migrations" ORDER BY "schema_migrations"."version" ASC /*application='MiApi'*/[0m
Migrating to CreateRestaurantes (20250226200648)
  [1m[36mTRANSACTION (1.1ms)[0m  [1m[35mBEGIN immediate TRANSACTION /*application='MiApi'*/[0m
  [1m[35m (3.6ms)[0m  [1m[35mCREATE TABLE "restaurantes" ("id" integer PRIMARY KEY AUTOINCREMENT NOT NULL, "nombre" varchar, "direccion" varchar, "created_at" datetime(6) NOT NULL, "updated_at" datetime(6) NOT NULL) /*application='MiApi'*/[0m
  [1m[36mActiveRecord::SchemaMigration Create (0.3ms)[0m  [1m[32mINSERT INTO "schema_migrations" ("version") VALUES ('20250226200648') RETURNING "version" /*application='MiApi'*/[0m
  [1m[36mTRANSACTION (6.1ms)[0m  [1m[35mCOMMIT TRANSACTION /*application='MiApi'*/[0m
  [1m[36mActiveRecord::SchemaMigration Load (0.5ms)[0m  [1m[34mSELECT "schema_migrations"."version" FROM "schema_migrations" ORDER BY "schema_migrations"."version" ASC /*application='MiApi'*/[0m
  [1m[36mTRANSACTION (1.2ms)[0m  [1m[35mBEGIN immediate TRANSACTION /*application='MiApi'*/[0m
  [1m[36mRestaurante Create (6.7ms)[0m  [1m[32mINSERT INTO "restaurantes" ("nombre", "direccion", "created_at", "updated_at") VALUES ('KFC', 'carrera 8', '2025-02-26 20:08:53.397108', '2025-02-26 20:08:53.397108') RETURNING "id" /*application='MiApi'*/[0m
  [1m[36mTRANSACTION (17.7ms)[0m  [1m[35mCOMMIT TRANSACTION /*application='MiApi'*/[0m
  [1m[36mTRANSACTION (3.1ms)[0m  [1m[35mBEGIN immediate TRANSACTION /*application='MiApi'*/[0m
  [1m[36mRestaurante Destroy (5.2ms)[0m  [1m[31mDELETE FROM "restaurantes" WHERE "restaurantes"."id" = 1 /*application='MiApi'*/[0m
  [1m[36mTRANSACTION (1.8ms)[0m  [1m[35mCOMMIT TRANSACTION /*application='MiApi'*/[0m
  [1m[36mActiveRecord::SchemaMigration Load (41.1ms)[0m  [1m[34mSELECT "schema_migrations"."version" FROM "schema_migrations" ORDER BY "schema_migrations"."version" ASC /*application='MiApi'*/[0m
  [1m[36mActiveRecord::SchemaMigration Load (16.3ms)[0m  [1m[34mSELECT "schema_migrations"."version" FROM "schema_migrations" ORDER BY "schema_migrations"."version" ASC /*application='MiApi'*/[0m
  [1m[36mActiveRecord::SchemaMigration Load (3.0ms)[0m  [1m[34mSELECT "schema_migrations"."version" FROM "schema_migrations" ORDER BY "schema_migrations"."version" ASC /*application='MiApi'*/[0m
  [1m[36mActiveRecord::SchemaMigration Load (3.2ms)[0m  [1m[34mSELECT "schema_migrations"."version" FROM "schema_migrations" ORDER BY "schema_migrations"."version" ASC /*application='MiApi'*/[0m
Migrating to CreateRestaurantes (20250226200648)
  [1m[36mTRANSACTION (2.2ms)[0m  [1m[35mBEGIN immediate TRANSACTION /*application='MiApi'*/[0m
  [1m[35m (32.3ms)[0m  [1m[35mDROP TABLE "restaurantes" /*application='MiApi'*/[0m
  [1m[36mActiveRecord::SchemaMigration Destroy (0.2ms)[0m  [1m[31mDELETE FROM "schema_migrations" WHERE "schema_migrations"."version" = '20250226200648' /*application='MiApi'*/[0m
  [1m[36mTRANSACTION (240.4ms)[0m  [1m[35mCOMMIT TRANSACTION /*application='MiApi'*/[0m
  [1m[36mActiveRecord::SchemaMigration Load (2.4ms)[0m  [1m[34mSELECT "schema_migrations"."version" FROM "schema_migrations" ORDER BY "schema_migrations"."version" ASC /*application='MiApi'*/[0m
  [1m[36mActiveRecord::InternalMetadata Load (3.6ms)[0m  [1m[34mSELECT * FROM "ar_internal_metadata" WHERE "ar_internal_metadata"."key" = 'environment' ORDER BY "ar_internal_metadata"."key" ASC LIMIT 1 /*application='MiApi'*/[0m
  [1m[36mActiveRecord::SchemaMigration Load (0.5ms)[0m  [1m[34mSELECT "schema_migrations"."version" FROM "schema_migrations" ORDER BY "schema_migrations"."version" ASC /*application='MiApi'*/[0m
Migrating to CreateRestaurantes (20250226201208)
  [1m[36mTRANSACTION (0.9ms)[0m  [1m[35mBEGIN immediate TRANSACTION /*application='MiApi'*/[0m
  [1m[35m (3.6ms)[0m  [1m[35mCREATE TABLE "restaurantes" ("id" integer PRIMARY KEY AUTOINCREMENT NOT NULL, "nombre" varchar, "direccion" varchar, "created_at" datetime(6) NOT NULL, "updated_at" datetime(6) NOT NULL) /*application='MiApi'*/[0m
  [1m[36mActiveRecord::SchemaMigration Create (0.3ms)[0m  [1m[32mINSERT INTO "schema_migrations" ("version") VALUES ('20250226201208') RETURNING "version" /*application='MiApi'*/[0m
  [1m[36mTRANSACTION (10.6ms)[0m  [1m[35mCOMMIT TRANSACTION /*application='MiApi'*/[0m
  [1m[36mActiveRecord::SchemaMigration Load (1.0ms)[0m  [1m[34mSELECT "schema_migrations"."version" FROM "schema_migrations" ORDER BY "schema_migrations"."version" ASC /*application='MiApi'*/[0m
  [1m[36mTRANSACTION (1.6ms)[0m  [1m[35mBEGIN immediate TRANSACTION /*application='MiApi'*/[0m
  [1m[36mRestaurante Create (6.2ms)[0m  [1m[32mINSERT INTO "restaurantes" ("nombre", "direccion", "created_at", "updated_at") VALUES ('Ave maria', 'calle 13-23', '2025-02-26 20:14:23.444212', '2025-02-26 20:14:23.444212') RETURNING "id" /*application='MiApi'*/[0m
  [1m[36mTRANSACTION (14.3ms)[0m  [1m[35mCOMMIT TRANSACTION /*application='MiApi'*/[0m
  [1m[36mRestaurante Load (13.8ms)[0m  [1m[34mSELECT "restaurantes".* FROM "restaurantes" /* loading for pp */ LIMIT 11 /*application='MiApi'*/[0m
  [1m[36mRestaurante Load (1.4ms)[0m  [1m[34mSELECT "restaurantes".* FROM "restaurantes" WHERE "restaurantes"."id" = 1 LIMIT 1 /*application='MiApi'*/[0m
  [1m[36mTRANSACTION (1.4ms)[0m  [1m[35mBEGIN immediate TRANSACTION /*application='MiApi'*/[0m
  [1m[36mRestaurante Destroy (2.8ms)[0m  [1m[31mDELETE FROM "restaurantes" WHERE "restaurantes"."id" = 1 /*application='MiApi'*/[0m
  [1m[36mTRANSACTION (0.7ms)[0m  [1m[35mCOMMIT TRANSACTION /*application='MiApi'*/[0m
  [1m[36mRestaurante Load (3.2ms)[0m  [1m[34mSELECT "restaurantes".* FROM "restaurantes" /* loading for pp */ LIMIT 11 /*application='MiApi'*/[0m
  [1m[36mActiveRecord::SchemaMigration Load (6.3ms)[0m  [1m[34mSELECT "schema_migrations"."version" FROM "schema_migrations" ORDER BY "schema_migrations"."version" ASC /*application='MiApi'*/[0m
  [1m[36mActiveRecord::SchemaMigration Load (1.1ms)[0m  [1m[34mSELECT "schema_migrations"."version" FROM "schema_migrations" ORDER BY "schema_migrations"."version" ASC /*application='MiApi'*/[0m
  [1m[36mActiveRecord::SchemaMigration Load (0.9ms)[0m  [1m[34mSELECT "schema_migrations"."version" FROM "schema_migrations" ORDER BY "schema_migrations"."version" ASC /*application='MiApi'*/[0m
  [1m[36mActiveRecord::SchemaMigration Load (0.9ms)[0m  [1m[34mSELECT "schema_migrations"."version" FROM "schema_migrations" ORDER BY "schema_migrations"."version" ASC /*application='MiApi'*/[0m
Migrating to CreateRestaurantes (20250226201208)
  [1m[36mTRANSACTION (1.2ms)[0m  [1m[35mBEGIN immediate TRANSACTION /*application='MiApi'*/[0m
  [1m[35m (4.9ms)[0m  [1m[35mDROP TABLE "restaurantes" /*application='MiApi'*/[0m
  [1m[36mActiveRecord::SchemaMigration Destroy (0.2ms)[0m  [1m[31mDELETE FROM "schema_migrations" WHERE "schema_migrations"."version" = '20250226201208' /*application='MiApi'*/[0m
  [1m[36mTRANSACTION (16.4ms)[0m  [1m[35mCOMMIT TRANSACTION /*application='MiApi'*/[0m
  [1m[36mActiveRecord::SchemaMigration Load (0.6ms)[0m  [1m[34mSELECT "schema_migrations"."version" FROM "schema_migrations" ORDER BY "schema_migrations"."version" ASC /*application='MiApi'*/[0m
  [1m[36mActiveRecord::InternalMetadata Load (13.7ms)[0m  [1m[34mSELECT * FROM "ar_internal_metadata" WHERE "ar_internal_metadata"."key" = 'environment' ORDER BY "ar_internal_metadata"."key" ASC LIMIT 1 /*application='MiApi'*/[0m
  [1m[36mActiveRecord::SchemaMigration Load (0.7ms)[0m  [1m[34mSELECT "schema_migrations"."version" FROM "schema_migrations" ORDER BY "schema_migrations"."version" ASC /*application='MiApi'*/[0m
Migrating to CreateRestaurantes (20250226201820)
  [1m[36mTRANSACTION (0.6ms)[0m  [1m[35mBEGIN immediate TRANSACTION /*application='MiApi'*/[0m
  [1m[35m (2.3ms)[0m  [1m[35mCREATE TABLE "restaurantes" ("id" integer PRIMARY KEY AUTOINCREMENT NOT NULL, "nombre" varchar, "direccion" varchar, "created_at" datetime(6) NOT NULL, "updated_at" datetime(6) NOT NULL) /*application='MiApi'*/[0m
  [1m[36mActiveRecord::SchemaMigration Create (0.3ms)[0m  [1m[32mINSERT INTO "schema_migrations" ("version") VALUES ('20250226201820') RETURNING "version" /*application='MiApi'*/[0m
  [1m[36mTRANSACTION (14.0ms)[0m  [1m[35mCOMMIT TRANSACTION /*application='MiApi'*/[0m
  [1m[36mActiveRecord::SchemaMigration Load (0.8ms)[0m  [1m[34mSELECT "schema_migrations"."version" FROM "schema_migrations" ORDER BY "schema_migrations"."version" ASC /*application='MiApi'*/[0m
  [1m[36mRestaurante Load (11.2ms)[0m  [1m[34mSELECT "restaurantes".* FROM "restaurantes" /* loading for pp */ LIMIT 11 /*application='MiApi'*/[0m
  [1m[36mTRANSACTION (1.8ms)[0m  [1m[35mBEGIN immediate TRANSACTION /*application='MiApi'*/[0m
  [1m[36mRestaurante Create (3.2ms)[0m  [1m[32mINSERT INTO "restaurantes" ("nombre", "direccion", "created_at", "updated_at") VALUES ('rico', 'la loma', '2025-02-26 20:20:49.819397', '2025-02-26 20:20:49.819397') RETURNING "id" /*application='MiApi'*/[0m
  [1m[36mTRANSACTION (7.2ms)[0m  [1m[35mCOMMIT TRANSACTION /*application='MiApi'*/[0m
  [1m[36mRestaurante Load (7.7ms)[0m  [1m[34mSELECT "restaurantes".* FROM "restaurantes" /* loading for pp */ LIMIT 11 /*application='MiApi'*/[0m
  [1m[36mRestaurante Load (1.6ms)[0m  [1m[34mSELECT "restaurantes".* FROM "restaurantes" WHERE "restaurantes"."id" = 1 LIMIT 1 /*application='MiApi'*/[0m
  [1m[36mTRANSACTION (1.0ms)[0m  [1m[35mBEGIN immediate TRANSACTION /*application='MiApi'*/[0m
  [1m[36mRestaurante Destroy (2.8ms)[0m  [1m[31mDELETE FROM "restaurantes" WHERE "restaurantes"."id" = 1 /*application='MiApi'*/[0m
  [1m[36mTRANSACTION (2.0ms)[0m  [1m[35mCOMMIT TRANSACTION /*application='MiApi'*/[0m
  [1m[36mRestaurante Load (4.3ms)[0m  [1m[34mSELECT "restaurantes".* FROM "restaurantes" /* loading for pp */ LIMIT 11 /*application='MiApi'*/[0m
  [1m[36mActiveRecord::SchemaMigration Load (8.6ms)[0m  [1m[34mSELECT "schema_migrations"."version" FROM "schema_migrations" ORDER BY "schema_migrations"."version" ASC /*application='MiApi'*/[0m
  [1m[36mActiveRecord::SchemaMigration Load (1.3ms)[0m  [1m[34mSELECT "schema_migrations"."version" FROM "schema_migrations" ORDER BY "schema_migrations"."version" ASC /*application='MiApi'*/[0m
  [1m[36mActiveRecord::SchemaMigration Load (1.4ms)[0m  [1m[34mSELECT "schema_migrations"."version" FROM "schema_migrations" ORDER BY "schema_migrations"."version" ASC /*application='MiApi'*/[0m
  [1m[36mActiveRecord::SchemaMigration Load (1.5ms)[0m  [1m[34mSELECT "schema_migrations"."version" FROM "schema_migrations" ORDER BY "schema_migrations"."version" ASC /*application='MiApi'*/[0m
Migrating to CreateRestaurantes (20250226201820)
  [1m[36mTRANSACTION (1.2ms)[0m  [1m[35mBEGIN immediate TRANSACTION /*application='MiApi'*/[0m
  [1m[35m (2.6ms)[0m  [1m[35mDROP TABLE "restaurantes" /*application='MiApi'*/[0m
  [1m[36mActiveRecord::SchemaMigration Destroy (0.1ms)[0m  [1m[31mDELETE FROM "schema_migrations" WHERE "schema_migrations"."version" = '20250226201820' /*application='MiApi'*/[0m
  [1m[36mTRANSACTION (11.2ms)[0m  [1m[35mCOMMIT TRANSACTION /*application='MiApi'*/[0m
  [1m[36mActiveRecord::SchemaMigration Load (0.7ms)[0m  [1m[34mSELECT "schema_migrations"."version" FROM "schema_migrations" ORDER BY "schema_migrations"."version" ASC /*application='MiApi'*/[0m
  [1m[36mActiveRecord::InternalMetadata Load (31.5ms)[0m  [1m[34mSELECT * FROM "ar_internal_metadata" WHERE "ar_internal_metadata"."key" = 'environment' ORDER BY "ar_internal_metadata"."key" ASC LIMIT 1 /*application='MiApi'*/[0m
  [1m[36mActiveRecord::SchemaMigration Load (0.8ms)[0m  [1m[34mSELECT "schema_migrations"."version" FROM "schema_migrations" ORDER BY "schema_migrations"."version" ASC /*application='MiApi'*/[0m
Migrating to CreateTarjeta (20250226203132)
  [1m[36mTRANSACTION (1.3ms)[0m  [1m[35mBEGIN immediate TRANSACTION /*application='MiApi'*/[0m
  [1m[35m (4.5ms)[0m  [1m[35mCREATE TABLE "tarjeta" ("id" integer PRIMARY KEY AUTOINCREMENT NOT NULL, "nombre" varchar, "numero" integer, "created_at" datetime(6) NOT NULL, "updated_at" datetime(6) NOT NULL) /*application='MiApi'*/[0m
  [1m[36mActiveRecord::SchemaMigration Create (0.3ms)[0m  [1m[32mINSERT INTO "schema_migrations" ("version") VALUES ('20250226203132') RETURNING "version" /*application='MiApi'*/[0m
  [1m[36mTRANSACTION (10.9ms)[0m  [1m[35mCOMMIT TRANSACTION /*application='MiApi'*/[0m
  [1m[36mActiveRecord::SchemaMigration Load (0.9ms)[0m  [1m[34mSELECT "schema_migrations"."version" FROM "schema_migrations" ORDER BY "schema_migrations"."version" ASC /*application='MiApi'*/[0m
  [1m[36mActiveRecord::SchemaMigration Load (7.3ms)[0m  [1m[34mSELECT "schema_migrations"."version" FROM "schema_migrations" ORDER BY "schema_migrations"."version" ASC /*application='MiApi'*/[0m
  [1m[36mActiveRecord::SchemaMigration Load (1.2ms)[0m  [1m[34mSELECT "schema_migrations"."version" FROM "schema_migrations" ORDER BY "schema_migrations"."version" ASC /*application='MiApi'*/[0m
  [1m[36mActiveRecord::SchemaMigration Load (2.7ms)[0m  [1m[34mSELECT "schema_migrations"."version" FROM "schema_migrations" ORDER BY "schema_migrations"."version" ASC /*application='MiApi'*/[0m
  [1m[36mActiveRecord::SchemaMigration Load (1.4ms)[0m  [1m[34mSELECT "schema_migrations"."version" FROM "schema_migrations" ORDER BY "schema_migrations"."version" ASC /*application='MiApi'*/[0m
Migrating to CreateTarjeta (20250226203132)
  [1m[36mTRANSACTION (1.4ms)[0m  [1m[35mBEGIN immediate TRANSACTION /*application='MiApi'*/[0m
  [1m[35m (4.0ms)[0m  [1m[35mDROP TABLE "tarjeta" /*application='MiApi'*/[0m
  [1m[36mActiveRecord::SchemaMigration Destroy (0.1ms)[0m  [1m[31mDELETE FROM "schema_migrations" WHERE "schema_migrations"."version" = '20250226203132' /*application='MiApi'*/[0m
  [1m[36mTRANSACTION (13.4ms)[0m  [1m[35mCOMMIT TRANSACTION /*application='MiApi'*/[0m
  [1m[36mActiveRecord::SchemaMigration Load (1.1ms)[0m  [1m[34mSELECT "schema_migrations"."version" FROM "schema_migrations" ORDER BY "schema_migrations"."version" ASC /*application='MiApi'*/[0m
  [1m[36mActiveRecord::InternalMetadata Load (5.6ms)[0m  [1m[34mSELECT * FROM "ar_internal_metadata" WHERE "ar_internal_metadata"."key" = 'environment' ORDER BY "ar_internal_metadata"."key" ASC LIMIT 1 /*application='MiApi'*/[0m
  [1m[36mActiveRecord::SchemaMigration Load (0.9ms)[0m  [1m[34mSELECT "schema_migrations"."version" FROM "schema_migrations" ORDER BY "schema_migrations"."version" ASC /*application='MiApi'*/[0m
Migrating to CreateTarjeta (20250226203851)
  [1m[36mTRANSACTION (1.7ms)[0m  [1m[35mBEGIN immediate TRANSACTION /*application='MiApi'*/[0m
  [1m[35m (4.1ms)[0m  [1m[35mCREATE TABLE "tarjeta" ("id" integer PRIMARY KEY AUTOINCREMENT NOT NULL, "code" varchar, "name" varchar, "created_at" datetime(6) NOT NULL, "updated_at" datetime(6) NOT NULL) /*application='MiApi'*/[0m
  [1m[36mActiveRecord::SchemaMigration Create (0.3ms)[0m  [1m[32mINSERT INTO "schema_migrations" ("version") VALUES ('20250226203851') RETURNING "version" /*application='MiApi'*/[0m
  [1m[36mTRANSACTION (13.7ms)[0m  [1m[35mCOMMIT TRANSACTION /*application='MiApi'*/[0m
  [1m[36mActiveRecord::SchemaMigration Load (1.1ms)[0m  [1m[34mSELECT "schema_migrations"."version" FROM "schema_migrations" ORDER BY "schema_migrations"."version" ASC /*application='MiApi'*/[0m
  [1m[36mActiveRecord::SchemaMigration Load (24.8ms)[0m  [1m[34mSELECT "schema_migrations"."version" FROM "schema_migrations" ORDER BY "schema_migrations"."version" ASC /*application='MiApi'*/[0m
  [1m[36mActiveRecord::SchemaMigration Load (3.4ms)[0m  [1m[34mSELECT "schema_migrations"."version" FROM "schema_migrations" ORDER BY "schema_migrations"."version" ASC /*application='MiApi'*/[0m
  [1m[36mActiveRecord::SchemaMigration Load (3.2ms)[0m  [1m[34mSELECT "schema_migrations"."version" FROM "schema_migrations" ORDER BY "schema_migrations"."version" ASC /*application='MiApi'*/[0m
  [1m[36mActiveRecord::SchemaMigration Load (3.7ms)[0m  [1m[34mSELECT "schema_migrations"."version" FROM "schema_migrations" ORDER BY "schema_migrations"."version" ASC /*application='MiApi'*/[0m
Migrating to CreateTarjeta (20250226203851)
  [1m[36mTRANSACTION (18.7ms)[0m  [1m[35mBEGIN immediate TRANSACTION /*application='MiApi'*/[0m
  [1m[35m (23.6ms)[0m  [1m[35mDROP TABLE "tarjeta" /*application='MiApi'*/[0m
  [1m[36mActiveRecord::SchemaMigration Destroy (0.1ms)[0m  [1m[31mDELETE FROM "schema_migrations" WHERE "schema_migrations"."version" = '20250226203851' /*application='MiApi'*/[0m
  [1m[36mTRANSACTION (19.7ms)[0m  [1m[35mCOMMIT TRANSACTION /*application='MiApi'*/[0m
  [1m[36mActiveRecord::SchemaMigration Load (1.1ms)[0m  [1m[34mSELECT "schema_migrations"."version" FROM "schema_migrations" ORDER BY "schema_migrations"."version" ASC /*application='MiApi'*/[0m
  [1m[36mActiveRecord::InternalMetadata Load (66.3ms)[0m  [1m[34mSELECT * FROM "ar_internal_metadata" WHERE "ar_internal_metadata"."key" = 'environment' ORDER BY "ar_internal_metadata"."key" ASC LIMIT 1 /*application='MiApi'*/[0m
  [1m[36mActiveRecord::SchemaMigration Load (1.4ms)[0m  [1m[34mSELECT "schema_migrations"."version" FROM "schema_migrations" ORDER BY "schema_migrations"."version" ASC /*application='MiApi'*/[0m
Migrating to CreateCards (20250226204544)
  [1m[36mTRANSACTION (1.0ms)[0m  [1m[35mBEGIN immediate TRANSACTION /*application='MiApi'*/[0m
  [1m[35m (3.5ms)[0m  [1m[35mCREATE TABLE "cards" ("id" integer PRIMARY KEY AUTOINCREMENT NOT NULL, "code" varchar, "name" varchar, "created_at" datetime(6) NOT NULL, "updated_at" datetime(6) NOT NULL) /*application='MiApi'*/[0m
  [1m[36mActiveRecord::SchemaMigration Create (0.5ms)[0m  [1m[32mINSERT INTO "schema_migrations" ("version") VALUES ('20250226204544') RETURNING "version" /*application='MiApi'*/[0m
  [1m[36mTRANSACTION (20.7ms)[0m  [1m[35mCOMMIT TRANSACTION /*application='MiApi'*/[0m
  [1m[36mActiveRecord::SchemaMigration Load (1.0ms)[0m  [1m[34mSELECT "schema_migrations"."version" FROM "schema_migrations" ORDER BY "schema_migrations"."version" ASC /*application='MiApi'*/[0m
  [1m[36mTRANSACTION (2.7ms)[0m  [1m[35mBEGIN immediate TRANSACTION /*application='MiApi'*/[0m
  [1m[36mCard Create (8.1ms)[0m  [1m[32mINSERT INTO "cards" ("code", "name", "created_at", "updated_at") VALUES ('144', 'nini', '2025-02-26 20:47:15.950352', '2025-02-26 20:47:15.950352') RETURNING "id" /*application='MiApi'*/[0m
  [1m[36mTRANSACTION (8.8ms)[0m  [1m[35mCOMMIT TRANSACTION /*application='MiApi'*/[0m
  [1m[36mTRANSACTION (2.7ms)[0m  [1m[35mBEGIN immediate TRANSACTION /*application='MiApi'*/[0m
  [1m[36mCard Create (4.5ms)[0m  [1m[32mINSERT INTO "cards" ("id", "code", "name", "created_at", "updated_at") VALUES (2, '122', 'jiji', '2025-02-26 20:47:57.645793', '2025-02-26 20:47:57.645793') RETURNING "id" /*application='MiApi'*/[0m
  [1m[36mTRANSACTION (3.1ms)[0m  [1m[35mCOMMIT TRANSACTION /*application='MiApi'*/[0m
  [1m[36mActiveRecord::SchemaMigration Load (14.6ms)[0m  [1m[34mSELECT "schema_migrations"."version" FROM "schema_migrations" ORDER BY "schema_migrations"."version" ASC /*application='MiApi'*/[0m
  [1m[36mActiveRecord::SchemaMigration Load (1.7ms)[0m  [1m[34mSELECT "schema_migrations"."version" FROM "schema_migrations" ORDER BY "schema_migrations"."version" ASC /*application='MiApi'*/[0m
  [1m[36mActiveRecord::SchemaMigration Load (1.4ms)[0m  [1m[34mSELECT "schema_migrations"."version" FROM "schema_migrations" ORDER BY "schema_migrations"."version" ASC /*application='MiApi'*/[0m
  [1m[36mActiveRecord::SchemaMigration Load (2.1ms)[0m  [1m[34mSELECT "schema_migrations"."version" FROM "schema_migrations" ORDER BY "schema_migrations"."version" ASC /*application='MiApi'*/[0m
Migrating to CreateCards (20250226204544)
  [1m[36mTRANSACTION (1.2ms)[0m  [1m[35mBEGIN immediate TRANSACTION /*application='MiApi'*/[0m
  [1m[35m (4.6ms)[0m  [1m[35mDROP TABLE "cards" /*application='MiApi'*/[0m
  [1m[36mActiveRecord::SchemaMigration Destroy (0.1ms)[0m  [1m[31mDELETE FROM "schema_migrations" WHERE "schema_migrations"."version" = '20250226204544' /*application='MiApi'*/[0m
  [1m[36mTRANSACTION (81.7ms)[0m  [1m[35mCOMMIT TRANSACTION /*application='MiApi'*/[0m
  [1m[36mActiveRecord::SchemaMigration Load (1.2ms)[0m  [1m[34mSELECT "schema_migrations"."version" FROM "schema_migrations" ORDER BY "schema_migrations"."version" ASC /*application='MiApi'*/[0m
  [1m[36mActiveRecord::InternalMetadata Load (37.5ms)[0m  [1m[34mSELECT * FROM "ar_internal_metadata" WHERE "ar_internal_metadata"."key" = 'environment' ORDER BY "ar_internal_metadata"."key" ASC LIMIT 1 /*application='MiApi'*/[0m
  [1m[36mActiveRecord::SchemaMigration Load (2.2ms)[0m  [1m[34mSELECT "schema_migrations"."version" FROM "schema_migrations" ORDER BY "schema_migrations"."version" ASC /*application='MiApi'*/[0m
Migrating to CreateProfesores (20250226205209)
  [1m[36mTRANSACTION (1.0ms)[0m  [1m[35mBEGIN immediate TRANSACTION /*application='MiApi'*/[0m
  [1m[35m (3.5ms)[0m  [1m[35mCREATE TABLE "profesores" ("id" integer PRIMARY KEY AUTOINCREMENT NOT NULL, "cedula" varchar, "nombre" varchar, "created_at" datetime(6) NOT NULL, "updated_at" datetime(6) NOT NULL) /*application='MiApi'*/[0m
  [1m[36mActiveRecord::SchemaMigration Create (0.4ms)[0m  [1m[32mINSERT INTO "schema_migrations" ("version") VALUES ('20250226205209') RETURNING "version" /*application='MiApi'*/[0m
  [1m[36mTRANSACTION (17.2ms)[0m  [1m[35mCOMMIT TRANSACTION /*application='MiApi'*/[0m
  [1m[36mActiveRecord::SchemaMigration Load (0.8ms)[0m  [1m[34mSELECT "schema_migrations"."version" FROM "schema_migrations" ORDER BY "schema_migrations"."version" ASC /*application='MiApi'*/[0m
  [1m[36mTRANSACTION (1.0ms)[0m  [1m[35mBEGIN immediate TRANSACTION /*application='MiApi'*/[0m
  [1m[36mProfesor Create (15.0ms)[0m  [1m[32mINSERT INTO "profesores" ("cedula", "nombre", "created_at", "updated_at") VALUES ('1532773', 'pepito', '2025-02-26 20:54:39.522884', '2025-02-26 20:54:39.522884') RETURNING "id" /*application='MiApi'*/[0m
  [1m[36mTRANSACTION (12.2ms)[0m  [1m[35mCOMMIT TRANSACTION /*application='MiApi'*/[0m
  [1m[36mProfesor Load (3.4ms)[0m  [1m[34mSELECT "profesores".* FROM "profesores" /* loading for pp */ LIMIT 11 /*application='MiApi'*/[0m
  [1m[36mTRANSACTION (0.9ms)[0m  [1m[35mBEGIN immediate TRANSACTION /*application='MiApi'*/[0m
  [1m[36mProfesor Destroy (2.8ms)[0m  [1m[31mDELETE FROM "profesores" WHERE "profesores"."id" = 1 /*application='MiApi'*/[0m
  [1m[36mTRANSACTION (0.9ms)[0m  [1m[35mCOMMIT TRANSACTION /*application='MiApi'*/[0m
  [1m[36mActiveRecord::SchemaMigration Load (13.0ms)[0m  [1m[34mSELECT "schema_migrations"."version" FROM "schema_migrations" ORDER BY "schema_migrations"."version" ASC /*application='MiApi'*/[0m
  [1m[36mActiveRecord::SchemaMigration Load (3.6ms)[0m  [1m[34mSELECT "schema_migrations"."version" FROM "schema_migrations" ORDER BY "schema_migrations"."version" ASC /*application='MiApi'*/[0m
  [1m[36mActiveRecord::SchemaMigration Load (1.7ms)[0m  [1m[34mSELECT "schema_migrations"."version" FROM "schema_migrations" ORDER BY "schema_migrations"."version" ASC /*application='MiApi'*/[0m
  [1m[36mActiveRecord::SchemaMigration Load (2.3ms)[0m  [1m[34mSELECT "schema_migrations"."version" FROM "schema_migrations" ORDER BY "schema_migrations"."version" ASC /*application='MiApi'*/[0m
Migrating to CreateProfesores (20250226205209)
  [1m[36mTRANSACTION (1.6ms)[0m  [1m[35mBEGIN immediate TRANSACTION /*application='MiApi'*/[0m
  [1m[35m (4.3ms)[0m  [1m[35mDROP TABLE "profesores" /*application='MiApi'*/[0m
  [1m[36mActiveRecord::SchemaMigration Destroy (0.1ms)[0m  [1m[31mDELETE FROM "schema_migrations" WHERE "schema_migrations"."version" = '20250226205209' /*application='MiApi'*/[0m
  [1m[36mTRANSACTION (14.7ms)[0m  [1m[35mCOMMIT TRANSACTION /*application='MiApi'*/[0m
  [1m[36mActiveRecord::SchemaMigration Load (0.8ms)[0m  [1m[34mSELECT "schema_migrations"."version" FROM "schema_migrations" ORDER BY "schema_migrations"."version" ASC /*application='MiApi'*/[0m
  [1m[36mActiveRecord::InternalMetadata Load (7.3ms)[0m  [1m[34mSELECT * FROM "ar_internal_metadata" WHERE "ar_internal_metadata"."key" = 'environment' ORDER BY "ar_internal_metadata"."key" ASC LIMIT 1 /*application='MiApi'*/[0m
  [1m[36mActiveRecord::SchemaMigration Load (1.6ms)[0m  [1m[34mSELECT "schema_migrations"."version" FROM "schema_migrations" ORDER BY "schema_migrations"."version" ASC /*application='MiApi'*/[0m
Migrating to CreateAeropuertos (20250226210036)
  [1m[36mTRANSACTION (1.4ms)[0m  [1m[35mBEGIN immediate TRANSACTION /*application='MiApi'*/[0m
  [1m[35m (3.7ms)[0m  [1m[35mCREATE TABLE "aeropuertos" ("id" integer PRIMARY KEY AUTOINCREMENT NOT NULL, "nombre" varchar, "direccion" varchar, "created_at" datetime(6) NOT NULL, "updated_at" datetime(6) NOT NULL) /*application='MiApi'*/[0m
  [1m[36mActiveRecord::SchemaMigration Create (1.0ms)[0m  [1m[32mINSERT INTO "schema_migrations" ("version") VALUES ('20250226210036') RETURNING "version" /*application='MiApi'*/[0m
  [1m[36mTRANSACTION (6.5ms)[0m  [1m[35mCOMMIT TRANSACTION /*application='MiApi'*/[0m
  [1m[36mActiveRecord::SchemaMigration Load (1.1ms)[0m  [1m[34mSELECT "schema_migrations"."version" FROM "schema_migrations" ORDER BY "schema_migrations"."version" ASC /*application='MiApi'*/[0m
  [1m[36mTRANSACTION (2.0ms)[0m  [1m[35mBEGIN immediate TRANSACTION /*application='MiApi'*/[0m
  [1m[36mAeropuerto Create (12.0ms)[0m  [1m[32mINSERT INTO "aeropuertos" ("nombre", "direccion", "created_at", "updated_at") VALUES ('Avianca', 'Calle 86', '2025-02-26 21:05:04.859411', '2025-02-26 21:05:04.859411') RETURNING "id" /*application='MiApi'*/[0m
  [1m[36mTRANSACTION (10.5ms)[0m  [1m[35mCOMMIT TRANSACTION /*application='MiApi'*/[0m
  [1m[36mTRANSACTION (3.1ms)[0m  [1m[35mBEGIN immediate TRANSACTION /*application='MiApi'*/[0m
  [1m[36mAeropuerto Destroy (4.8ms)[0m  [1m[31mDELETE FROM "aeropuertos" WHERE "aeropuertos"."id" = 1 /*application='MiApi'*/[0m
  [1m[36mTRANSACTION (3.7ms)[0m  [1m[35mCOMMIT TRANSACTION /*application='MiApi'*/[0m
  [1m[36mActiveRecord::SchemaMigration Load (6.8ms)[0m  [1m[34mSELECT "schema_migrations"."version" FROM "schema_migrations" ORDER BY "schema_migrations"."version" ASC /*application='MiApi'*/[0m
  [1m[36mActiveRecord::SchemaMigration Load (0.7ms)[0m  [1m[34mSELECT "schema_migrations"."version" FROM "schema_migrations" ORDER BY "schema_migrations"."version" ASC /*application='MiApi'*/[0m
  [1m[36mActiveRecord::SchemaMigration Load (0.8ms)[0m  [1m[34mSELECT "schema_migrations"."version" FROM "schema_migrations" ORDER BY "schema_migrations"."version" ASC /*application='MiApi'*/[0m
  [1m[36mActiveRecord::SchemaMigration Load (1.5ms)[0m  [1m[34mSELECT "schema_migrations"."version" FROM "schema_migrations" ORDER BY "schema_migrations"."version" ASC /*application='MiApi'*/[0m
Migrating to CreateAeropuertos (20250226210036)
  [1m[36mTRANSACTION (1.3ms)[0m  [1m[35mBEGIN immediate TRANSACTION /*application='MiApi'*/[0m
  [1m[35m (4.3ms)[0m  [1m[35mDROP TABLE "aeropuertos" /*application='MiApi'*/[0m
  [1m[36mActiveRecord::SchemaMigration Destroy (0.1ms)[0m  [1m[31mDELETE FROM "schema_migrations" WHERE "schema_migrations"."version" = '20250226210036' /*application='MiApi'*/[0m
  [1m[36mTRANSACTION (16.9ms)[0m  [1m[35mCOMMIT TRANSACTION /*application='MiApi'*/[0m
  [1m[36mActiveRecord::SchemaMigration Load (1.1ms)[0m  [1m[34mSELECT "schema_migrations"."version" FROM "schema_migrations" ORDER BY "schema_migrations"."version" ASC /*application='MiApi'*/[0m
  [1m[36mActiveRecord::InternalMetadata Load (11.6ms)[0m  [1m[34mSELECT * FROM "ar_internal_metadata" WHERE "ar_internal_metadata"."key" = 'environment' ORDER BY "ar_internal_metadata"."key" ASC LIMIT 1 /*application='MiApi'*/[0m
  [1m[36mActiveRecord::SchemaMigration Load (2.2ms)[0m  [1m[34mSELECT "schema_migrations"."version" FROM "schema_migrations" ORDER BY "schema_migrations"."version" ASC /*application='MiApi'*/[0m
Migrating to CreateColegios (20250226210919)
  [1m[36mTRANSACTION (1.1ms)[0m  [1m[35mBEGIN immediate TRANSACTION /*application='MiApi'*/[0m
  [1m[35m (4.7ms)[0m  [1m[35mCREATE TABLE "colegios" ("id" integer PRIMARY KEY AUTOINCREMENT NOT NULL, "nombre" varchar, "direccion" varchar, "created_at" datetime(6) NOT NULL, "updated_at" datetime(6) NOT NULL) /*application='MiApi'*/[0m
  [1m[36mActiveRecord::SchemaMigration Create (0.3ms)[0m  [1m[32mINSERT INTO "schema_migrations" ("version") VALUES ('20250226210919') RETURNING "version" /*application='MiApi'*/[0m
  [1m[36mTRANSACTION (12.7ms)[0m  [1m[35mCOMMIT TRANSACTION /*application='MiApi'*/[0m
  [1m[36mActiveRecord::SchemaMigration Load (1.2ms)[0m  [1m[34mSELECT "schema_migrations"."version" FROM "schema_migrations" ORDER BY "schema_migrations"."version" ASC /*application='MiApi'*/[0m
  [1m[36mTRANSACTION (1.5ms)[0m  [1m[35mBEGIN immediate TRANSACTION /*application='MiApi'*/[0m
  [1m[36mColegio Create (6.0ms)[0m  [1m[32mINSERT INTO "colegios" ("nombre", "direccion", "created_at", "updated_at") VALUES ('La Normal', 'Clle 74 #23', '2025-02-26 21:11:16.539703', '2025-02-26 21:11:16.539703') RETURNING "id" /*application='MiApi'*/[0m
  [1m[36mTRANSACTION (7.6ms)[0m  [1m[35mCOMMIT TRANSACTION /*application='MiApi'*/[0m
  [1m[36mColegio Load (3.0ms)[0m  [1m[34mSELECT "colegios".* FROM "colegios" /* loading for pp */ LIMIT 11 /*application='MiApi'*/[0m
  [1m[36mTRANSACTION (0.6ms)[0m  [1m[35mBEGIN immediate TRANSACTION /*application='MiApi'*/[0m
  [1m[36mColegio Destroy (2.2ms)[0m  [1m[31mDELETE FROM "colegios" WHERE "colegios"."id" = 1 /*application='MiApi'*/[0m
  [1m[36mTRANSACTION (1.5ms)[0m  [1m[35mCOMMIT TRANSACTION /*application='MiApi'*/[0m
  [1m[36mActiveRecord::SchemaMigration Load (7.3ms)[0m  [1m[34mSELECT "schema_migrations"."version" FROM "schema_migrations" ORDER BY "schema_migrations"."version" ASC /*application='MiApi'*/[0m
  [1m[36mActiveRecord::SchemaMigration Load (0.4ms)[0m  [1m[34mSELECT "schema_migrations"."version" FROM "schema_migrations" ORDER BY "schema_migrations"."version" ASC /*application='MiApi'*/[0m
  [1m[36mActiveRecord::SchemaMigration Load (1.7ms)[0m  [1m[34mSELECT "schema_migrations"."version" FROM "schema_migrations" ORDER BY "schema_migrations"."version" ASC /*application='MiApi'*/[0m
  [1m[36mActiveRecord::SchemaMigration Load (1.4ms)[0m  [1m[34mSELECT "schema_migrations"."version" FROM "schema_migrations" ORDER BY "schema_migrations"."version" ASC /*application='MiApi'*/[0m
Migrating to CreateColegios (20250226210919)
  [1m[36mTRANSACTION (1.1ms)[0m  [1m[35mBEGIN immediate TRANSACTION /*application='MiApi'*/[0m
  [1m[35m (3.1ms)[0m  [1m[35mDROP TABLE "colegios" /*application='MiApi'*/[0m
  [1m[36mActiveRecord::SchemaMigration Destroy (0.1ms)[0m  [1m[31mDELETE FROM "schema_migrations" WHERE "schema_migrations"."version" = '20250226210919' /*application='MiApi'*/[0m
  [1m[36mTRANSACTION (7.0ms)[0m  [1m[35mCOMMIT TRANSACTION /*application='MiApi'*/[0m
  [1m[36mActiveRecord::SchemaMigration Load (0.4ms)[0m  [1m[34mSELECT "schema_migrations"."version" FROM "schema_migrations" ORDER BY "schema_migrations"."version" ASC /*application='MiApi'*/[0m
  [1m[36mActiveRecord::InternalMetadata Load (7.4ms)[0m  [1m[34mSELECT * FROM "ar_internal_metadata" WHERE "ar_internal_metadata"."key" = 'environment' ORDER BY "ar_internal_metadata"."key" ASC LIMIT 1 /*application='MiApi'*/[0m
  [1m[36mActiveRecord::SchemaMigration Load (2.4ms)[0m  [1m[34mSELECT "schema_migrations"."version" FROM "schema_migrations" ORDER BY "schema_migrations"."version" ASC /*application='MiApi'*/[0m
Migrating to CreateHoteles (20250226211450)
  [1m[36mTRANSACTION (0.8ms)[0m  [1m[35mBEGIN immediate TRANSACTION /*application='MiApi'*/[0m
  [1m[35m (3.8ms)[0m  [1m[35mCREATE TABLE "hoteles" ("id" integer PRIMARY KEY AUTOINCREMENT NOT NULL, "nombre" varchar, "direccion" varchar, "created_at" datetime(6) NOT NULL, "updated_at" datetime(6) NOT NULL) /*application='MiApi'*/[0m
  [1m[36mActiveRecord::SchemaMigration Create (0.1ms)[0m  [1m[32mINSERT INTO "schema_migrations" ("version") VALUES ('20250226211450') RETURNING "version" /*application='MiApi'*/[0m
  [1m[36mTRANSACTION (8.4ms)[0m  [1m[35mCOMMIT TRANSACTION /*application='MiApi'*/[0m
  [1m[36mActiveRecord::SchemaMigration Load (0.9ms)[0m  [1m[34mSELECT "schema_migrations"."version" FROM "schema_migrations" ORDER BY "schema_migrations"."version" ASC /*application='MiApi'*/[0m
  [1m[36mTRANSACTION (2.0ms)[0m  [1m[35mBEGIN immediate TRANSACTION /*application='MiApi'*/[0m
  [1m[36mHotel Create (8.2ms)[0m  [1m[32mINSERT INTO "hoteles" ("nombre", "direccion", "created_at", "updated_at") VALUES ('nuevo', 'calle 8', '2025-02-26 21:16:47.832781', '2025-02-26 21:16:47.832781') RETURNING "id" /*application='MiApi'*/[0m
  [1m[36mTRANSACTION (9.8ms)[0m  [1m[35mCOMMIT TRANSACTION /*application='MiApi'*/[0m
  [1m[36mHotel Load (6.9ms)[0m  [1m[34mSELECT "hoteles".* FROM "hoteles" /* loading for pp */ LIMIT 11 /*application='MiApi'*/[0m
  [1m[36mTRANSACTION (1.2ms)[0m  [1m[35mBEGIN immediate TRANSACTION /*application='MiApi'*/[0m
  [1m[36mHotel Destroy (2.9ms)[0m  [1m[31mDELETE FROM "hoteles" WHERE "hoteles"."id" = 1 /*application='MiApi'*/[0m
  [1m[36mTRANSACTION (2.2ms)[0m  [1m[35mCOMMIT TRANSACTION /*application='MiApi'*/[0m
  [1m[36mActiveRecord::SchemaMigration Load (11.9ms)[0m  [1m[34mSELECT "schema_migrations"."version" FROM "schema_migrations" ORDER BY "schema_migrations"."version" ASC /*application='MiApi'*/[0m
  [1m[36mActiveRecord::SchemaMigration Load (2.1ms)[0m  [1m[34mSELECT "schema_migrations"."version" FROM "schema_migrations" ORDER BY "schema_migrations"."version" ASC /*application='MiApi'*/[0m
  [1m[36mActiveRecord::SchemaMigration Load (2.0ms)[0m  [1m[34mSELECT "schema_migrations"."version" FROM "schema_migrations" ORDER BY "schema_migrations"."version" ASC /*application='MiApi'*/[0m
  [1m[36mActiveRecord::SchemaMigration Load (2.3ms)[0m  [1m[34mSELECT "schema_migrations"."version" FROM "schema_migrations" ORDER BY "schema_migrations"."version" ASC /*application='MiApi'*/[0m
Migrating to CreateHoteles (20250226211450)
  [1m[36mTRANSACTION (0.6ms)[0m  [1m[35mBEGIN immediate TRANSACTION /*application='MiApi'*/[0m
  [1m[35m (1.8ms)[0m  [1m[35mDROP TABLE "hoteles" /*application='MiApi'*/[0m
  [1m[36mActiveRecord::SchemaMigration Destroy (0.1ms)[0m  [1m[31mDELETE FROM "schema_migrations" WHERE "schema_migrations"."version" = '20250226211450' /*application='MiApi'*/[0m
  [1m[36mTRANSACTION (7.2ms)[0m  [1m[35mCOMMIT TRANSACTION /*application='MiApi'*/[0m
  [1m[36mActiveRecord::SchemaMigration Load (0.8ms)[0m  [1m[34mSELECT "schema_migrations"."version" FROM "schema_migrations" ORDER BY "schema_migrations"."version" ASC /*application='MiApi'*/[0m
  [1m[36mActiveRecord::InternalMetadata Load (5.0ms)[0m  [1m[34mSELECT * FROM "ar_internal_metadata" WHERE "ar_internal_metadata"."key" = 'environment' ORDER BY "ar_internal_metadata"."key" ASC LIMIT 1 /*application='MiApi'*/[0m
  [1m[36mActiveRecord::SchemaMigration Load (1.3ms)[0m  [1m[34mSELECT "schema_migrations"."version" FROM "schema_migrations" ORDER BY "schema_migrations"."version" ASC /*application='MiApi'*/[0m
Migrating to CreateCanchas (20250226213721)
  [1m[36mTRANSACTION (0.7ms)[0m  [1m[35mBEGIN immediate TRANSACTION /*application='MiApi'*/[0m
  [1m[35m (2.8ms)[0m  [1m[35mCREATE TABLE "canchas" ("id" integer PRIMARY KEY AUTOINCREMENT NOT NULL, "nombre" varchar, "direccion" varchar, "created_at" datetime(6) NOT NULL, "updated_at" datetime(6) NOT NULL) /*application='MiApi'*/[0m
  [1m[36mActiveRecord::SchemaMigration Create (0.3ms)[0m  [1m[32mINSERT INTO "schema_migrations" ("version") VALUES ('20250226213721') RETURNING "version" /*application='MiApi'*/[0m
  [1m[36mTRANSACTION (5.4ms)[0m  [1m[35mCOMMIT TRANSACTION /*application='MiApi'*/[0m
  [1m[36mActiveRecord::SchemaMigration Load (0.4ms)[0m  [1m[34mSELECT "schema_migrations"."version" FROM "schema_migrations" ORDER BY "schema_migrations"."version" ASC /*application='MiApi'*/[0m
  [1m[36mTRANSACTION (1.7ms)[0m  [1m[35mBEGIN immediate TRANSACTION /*application='MiApi'*/[0m
  [1m[36mCancha Create (8.7ms)[0m  [1m[32mINSERT INTO "canchas" ("nombre", "direccion", "created_at", "updated_at") VALUES ('Estadio Metropolitano', 'Via 40', '2025-02-26 21:39:40.141016', '2025-02-26 21:39:40.141016') RETURNING "id" /*application='MiApi'*/[0m
  [1m[36mTRANSACTION (10.2ms)[0m  [1m[35mCOMMIT TRANSACTION /*application='MiApi'*/[0m
  [1m[36mCancha Load (11.7ms)[0m  [1m[34mSELECT "canchas".* FROM "canchas" /* loading for pp */ LIMIT 11 /*application='MiApi'*/[0m
  [1m[36mTRANSACTION (1.1ms)[0m  [1m[35mBEGIN immediate TRANSACTION /*application='MiApi'*/[0m
  [1m[36mCancha Destroy (3.2ms)[0m  [1m[31mDELETE FROM "canchas" WHERE "canchas"."id" = 1 /*application='MiApi'*/[0m
  [1m[36mTRANSACTION (0.7ms)[0m  [1m[35mCOMMIT TRANSACTION /*application='MiApi'*/[0m
  [1m[36mActiveRecord::SchemaMigration Load (16.4ms)[0m  [1m[34mSELECT "schema_migrations"."version" FROM "schema_migrations" ORDER BY "schema_migrations"."version" ASC /*application='MiApi'*/[0m
  [1m[36mActiveRecord::SchemaMigration Load (3.1ms)[0m  [1m[34mSELECT "schema_migrations"."version" FROM "schema_migrations" ORDER BY "schema_migrations"."version" ASC /*application='MiApi'*/[0m
  [1m[36mActiveRecord::SchemaMigration Load (2.9ms)[0m  [1m[34mSELECT "schema_migrations"."version" FROM "schema_migrations" ORDER BY "schema_migrations"."version" ASC /*application='MiApi'*/[0m
  [1m[36mActiveRecord::SchemaMigration Load (2.7ms)[0m  [1m[34mSELECT "schema_migrations"."version" FROM "schema_migrations" ORDER BY "schema_migrations"."version" ASC /*application='MiApi'*/[0m
Migrating to CreateCanchas (20250226213721)
  [1m[36mTRANSACTION (1.5ms)[0m  [1m[35mBEGIN immediate TRANSACTION /*application='MiApi'*/[0m
  [1m[35m (5.0ms)[0m  [1m[35mDROP TABLE "canchas" /*application='MiApi'*/[0m
  [1m[36mActiveRecord::SchemaMigration Destroy (0.1ms)[0m  [1m[31mDELETE FROM "schema_migrations" WHERE "schema_migrations"."version" = '20250226213721' /*application='MiApi'*/[0m
  [1m[36mTRANSACTION (19.4ms)[0m  [1m[35mCOMMIT TRANSACTION /*application='MiApi'*/[0m
  [1m[36mActiveRecord::SchemaMigration Load (1.3ms)[0m  [1m[34mSELECT "schema_migrations"."version" FROM "schema_migrations" ORDER BY "schema_migrations"."version" ASC /*application='MiApi'*/[0m
